Handling lib "ca-bundle"...
Handling lib "i2c"...
Handling lib "rpc-uart"...
HaTarget  is built successfully
"...
Handling lib "wifi"...
Handling lib "mjs"...
Handling lib "blynk"...
Handling lib "neopixel"...
Handling lib "rpc-service-fs"...
Handling lib "mqtt"...
Handling lib "dash"...
Handling lib "spi"...
The --lib flag was not given for it, checking repository
The --lib flag was not given for it, checking repository
The --lib flag was not given for it, checking repository
The --lib flag was not given for it, checking repository
The --lib flag was not given for it, checking repository
The --lib flag was not given for it, checking repository
The --lib flag was not given for it, checking repository
The --lib flag was not given for it, checking repository
The --lib flag was not given for it, checking repository
The --lib flag was not given for it, checking repository
The --lib flag was not given for it, checking repository
The --lib flag was not given for it, checking repository
Repository "/fwbuild-volumes/1.26/apps/AzureIoT-Neopixel-js/esp8266/build_contexts/build_ctx_751612475/libs/dash" does not exist, cloning...

Prebuilt binary for "spi" already exists
Prepared local dir: "/fwbuild-volumes/1.26/apps/AzureIoT-Neopixel-js/esp8266/build_contexts/build_ctx_751612475/libs/spi"
Prebuilt binary for "i2c" already exists
Prepared local dir: "/fwbuild-volumes/1.26/apps/AzureIoT-Neopixel-js/esp8266/build_contexts/build_ctx_751612475/libs/i2c"
Prebuilt binary for "blynk" already exists
Prepared local dir: "/fwbuild-volumes/1.26/apps/AzureIoT-Neopixel-js/esp8266/build_contexts/build_ctx_751612475/libs/blynk"
Prebuilt binary for "rpc-service-config" already exists
Prepared local dir: "/fwbuild-volumes/1.26/apps/AzureIoT-Neopixel-js/esp8266/build_contexts/build_ctx_751612475/libs/rpc-service-config"
Prebuilt binary for "mqtt" already exists
Prebuilt binary for "neopixel" already exists
Prepared local dir: "/fwbuild-volumes/1.26/apps/AzureIoT-Neopixel-js/esp8266/build_contexts/build_ctx_751612475/libs/mqtt"
Prepared local dir: "/fwbuild-volumes/1.26/apps/AzureIoT-Neopixel-js/esp8266/build_contexts/build_ctx_751612475/libs/neopixel"
Prebuilt binary for "rpc-uart" already exists
Handling lib "rpc-common"...
Prebuilt binary for "ca-bundle" already exists
Prepared local dir: "/fwbuild-volumes/1.26/apps/AzureIoT-Neopixel-js/esp8266/build_contexts/build_ctx_751612475/libs/rpc-uart"
The --lib flag was not given for it, checking repository
Prepared local dir: "/fwbuild-volumes/1.26/apps/AzureIoT-Neopixel-js/esp8266/build_contexts/build_ctx_751612475/libs/ca-bundle"
Prebuilt binary for "rpc-service-fs" already exists
Prepared local dir: "/fwbuild-volumes/1.26/apps/AzureIoT-Neopixel-js/esp8266/build_contexts/build_ctx_751612475/libs/rpc-service-fs"
Lib "rpc-common" is already handled, skipping
Lib "rpc-common" is already handled, skipping
Falling back to sources for "mjs" (failed to fetch prebuilt binary: got 404 status code when accessed https://github.com/mongoose-os-libs/mjs/releases/download/1.26/libmjs-esp8266.a)
Prepared local dir: "/fwbuild-volumes/1.26/apps/AzureIoT-Neopixel-js/esp8266/build_contexts/build_ctx_751612475/libs/mjs"
Falling back to sources for "rpc-common" (failed to fetch prebuilt binary: got 404 status code when accessed https://github.com/mongoose-os-libs/rpc-common/releases/download/1.26/librpc-common-esp8266.a)
Prepared local dir: "/fwbuild-volumes/1.26/apps/AzureIoT-Neopixel-js/esp8266/build_contexts/build_ctx_751612475/libs/rpc-common"
Lib "http-server" is optional, skipping
Falling back to sources for "wifi" (failed to fetch prebuilt binary: got 404 status code when accessed https://github.com/mongoose-os-libs/wifi/releases/download/1.26/libwifi-esp8266.a)
Prepared local dir: "/fwbuild-volumes/1.26/apps/AzureIoT-Neopixel-js/esp8266/build_contexts/build_ctx_751612475/libs/wifi"
Hash is updated: "" -> "ee38a09f1e7f9e6e6b70d313c5074d5a802b7b73"
Successfully fetched prebuilt binary for "dash" to "/fwbuild-volumes/1.26/apps/AzureIoT-Neopixel-js/esp8266/build_contexts/build_ctx_751612475/libs/dash/lib/esp8266/libdash.a"
Prepared local dir: "/fwbuild-volumes/1.26/apps/AzureIoT-Neopixel-js/esp8266/build_contexts/build_ctx_751612475/libs/dash"
Handling lib "ota-shadow"...
Lib "rpc-common" is already handled, skipping
The --lib flag was not given for it, checking repository
Handling lib "shadow"...
The --lib flag was not given for it, checking repository
Repository "/fwbuild-volumes/1.26/apps/AzureIoT-Neopixel-js/esp8266/build_contexts/build_ctx_751612475/libs/ota-shadow" does not exist, cloning...

Repository "/fwbuild-volumes/1.26/apps/AzureIoT-Neopixel-js/esp8266/build_contexts/build_ctx_751612475/libs/shadow" does not exist, cloning...

Hash is updated: "" -> "7672cefe00e247141b70cb1fd8d3eef9eecb6a47"
Successfully fetched prebuilt binary for "shadow" to "/fwbuild-volumes/1.26/apps/AzureIoT-Neopixel-js/esp8266/build_contexts/build_ctx_751612475/libs/shadow/lib/esp8266/libshadow.a"
Prepared local dir: "/fwbuild-volumes/1.26/apps/AzureIoT-Neopixel-js/esp8266/build_contexts/build_ctx_751612475/libs/shadow"
Hash is updated: "" -> "b027214cc8129daa2c3dd994eb04f2a1e1f6fd5a"
Successfully fetched prebuilt binary for "ota-shadow" to "/fwbuild-volumes/1.26/apps/AzureIoT-Neopixel-js/esp8266/build_contexts/build_ctx_751612475/libs/ota-shadow/lib/esp8266/libota-shadow.a"
Prepared local dir: "/fwbuild-volumes/1.26/apps/AzureIoT-Neopixel-js/esp8266/build_contexts/build_ctx_751612475/libs/ota-shadow"
Lib "shadow" is already handled, skipping
The flag --module is not given for the module "mjs_module", going to use the repository
The flag --repo is not given, going to use mongoose-os repository
Sources: [/fwbuild-volumes/1.26/apps/AzureIoT-Neopixel-js/esp8266/build_contexts/build_ctx_751612475/src/main.c /fwbuild-volumes/1.26/apps/AzureIoT-Neopixel-js/esp8266/build_contexts/build_ctx_751612475/build/gen/deps_init.c /fwbuild-volumes/1.26/apps/AzureIoT-Neopixel-js/esp8266/build_contexts/build_ctx_751612475/libs/blynk/src/mgos_blynk.c /fwbuild-volumes/1.26/apps/AzureIoT-Neopixel-js/esp8266/build_contexts/build_ctx_751612475/libs/ca-bundle/src/mgos_ca_bundle.c /fwbuild-volumes/1.26/apps/AzureIoT-Neopixel-js/esp8266/build_contexts/build_ctx_751612475/libs/shadow/src/mgos_shadow.c /fwbuild-volumes/1.26/apps/AzureIoT-Neopixel-js/esp8266/build_contexts/build_ctx_751612475/libs/rpc-common/src/mg_rpc/mg_rpc.c /fwbuild-volumes/1.26/apps/AzureIoT-Neopixel-js/esp8266/build_contexts/build_ctx_751612475/libs/rpc-common/src/mg_rpc/mg_rpc_channel.c /fwbuild-volumes/1.26/apps/AzureIoT-Neopixel-js/esp8266/build_contexts/build_ctx_751612475/libs/rpc-common/src/mg_rpc/mg_rpc_channel_http.c /fwbuild-volumes/1.26/apps/AzureIoT-Neopixel-js/esp8266/build_contexts/build_ctx_751612475/libs/rpc-common/src/mg_rpc/mg_rpc_channel_ws.c /fwbuild-volumes/1.26/apps/AzureIoT-Neopixel-js/esp8266/build_contexts/build_ctx_751612475/libs/rpc-common/src/mgos_rpc.c /fwbuild-volumes/1.26/apps/AzureIoT-Neopixel-js/esp8266/build_contexts/build_ctx_751612475/libs/i2c/src/mgos_i2c.c /fwbuild-volumes/1.26/apps/AzureIoT-Neopixel-js/esp8266/build_contexts/build_ctx_751612475/libs/i2c/src/common_gpio/mgos_i2c_gpio.c /fwbuild-volumes/1.26/apps/AzureIoT-Neopixel-js/esp8266/build_contexts/build_ctx_751612475/libs/mjs/src/mos_mjs.c /fwbuild-volumes/1.26/apps/AzureIoT-Neopixel-js/esp8266/build_contexts/build_ctx_751612475/modules/mjs_module/mjs.c /fwbuild-volumes/1.26/apps/AzureIoT-Neopixel-js/esp8266/build_contexts/build_ctx_751612475/libs/mjs/esp8266/src/esp8266_mjs.c /fwbuild-volumes/1.26/apps/AzureIoT-Neopixel-js/esp8266/build_contexts/build_ctx_751612475/libs/mqtt/src/mgos_mqtt.c /fwbuild-volumes/1.26/apps/AzureIoT-Neopixel-js/esp8266/build_contexts/build_ctx_751612475/libs/neopixel/src/mgos_neopixel.c /fwbuild-volumes/1.26/apps/AzureIoT-Neopixel-js/esp8266/build_contexts/build_ctx_751612475/libs/rpc-service-config/src/mgos_service_config.c /fwbuild-volumes/1.26/apps/AzureIoT-Neopixel-js/esp8266/build_contexts/build_ctx_751612475/libs/rpc-service-fs/src/mgos_service_filesystem.c /fwbuild-volumes/1.26/apps/AzureIoT-Neopixel-js/esp8266/build_contexts/build_ctx_751612475/libs/rpc-uart/src/mgos_rpc_channel_uart.c /fwbuild-volumes/1.26/apps/AzureIoT-Neopixel-js/esp8266/build_contexts/build_ctx_751612475/libs/spi/src/mgos_spi.c /fwbuild-volumes/1.26/apps/AzureIoT-Neopixel-js/esp8266/build_contexts/build_ctx_751612475/libs/spi/src/mgos_spi_mjs.c /fwbuild-volumes/1.26/apps/AzureIoT-Neopixel-js/esp8266/build_contexts/build_ctx_751612475/libs/spi/src/common_gpio/mgos_spi_gpio.c /fwbuild-volumes/1.26/apps/AzureIoT-Neopixel-js/esp8266/build_contexts/build_ctx_751612475/libs/wifi/src/mgos_wifi.c /fwbuild-volumes/1.26/apps/AzureIoT-Neopixel-js/esp8266/build_contexts/build_ctx_751612475/libs/wifi/src/mjs_wifi.c /fwbuild-volumes/1.26/apps/AzureIoT-Neopixel-js/esp8266/build_contexts/build_ctx_751612475/libs/wifi/esp8266/src/esp_wifi.c]
Include dirs: [/fwbuild-volumes/1.26/apps/AzureIoT-Neopixel-js/esp8266/build_contexts/build_ctx_751612475/libs/blynk/include /fwbuild-volumes/1.26/apps/AzureIoT-Neopixel-js/esp8266/build_contexts/build_ctx_751612475/libs/shadow/include /fwbuild-volumes/1.26/apps/AzureIoT-Neopixel-js/esp8266/build_contexts/build_ctx_751612475/libs/rpc-common/include/mg_rpc /fwbuild-volumes/1.26/apps/AzureIoT-Neopixel-js/esp8266/build_contexts/build_ctx_751612475/libs/rpc-common/include /fwbuild-volumes/1.26/apps/AzureIoT-Neopixel-js/esp8266/build_contexts/build_ctx_751612475/libs/dash/include /fwbuild-volumes/1.26/apps/AzureIoT-Neopixel-js/esp8266/build_contexts/build_ctx_751612475/libs/i2c/include /fwbuild-volumes/1.26/apps/AzureIoT-Neopixel-js/esp8266/build_contexts/build_ctx_751612475/libs/mjs/include /fwbuild-volumes/1.26/apps/AzureIoT-Neopixel-js/esp8266/build_contexts/build_ctx_751612475/libs/mqtt/include /fwbuild-volumes/1.26/apps/AzureIoT-Neopixel-js/esp8266/build_contexts/build_ctx_751612475/libs/neopixel/include /fwbuild-volumes/1.26/apps/AzureIoT-Neopixel-js/esp8266/build_contexts/build_ctx_751612475/libs/rpc-service-config/include /fwbuild-volumes/1.26/apps/AzureIoT-Neopixel-js/esp8266/build_contexts/build_ctx_751612475/libs/rpc-service-fs/include /fwbuild-volumes/1.26/apps/AzureIoT-Neopixel-js/esp8266/build_contexts/build_ctx_751612475/libs/rpc-uart/include /fwbuild-volumes/1.26/apps/AzureIoT-Neopixel-js/esp8266/build_contexts/build_ctx_751612475/libs/spi/include /fwbuild-volumes/1.26/apps/AzureIoT-Neopixel-js/esp8266/build_contexts/build_ctx_751612475/libs/wifi/include]
Binary libs: [/fwbuild-volumes/1.26/apps/AzureIoT-Neopixel-js/esp8266/build_contexts/build_ctx_751612475/libs/ota-shadow/lib/esp8266/libota-shadow.a /fwbuild-volumes/1.26/apps/AzureIoT-Neopixel-js/esp8266/build_contexts/build_ctx_751612475/libs/dash/lib/esp8266/libdash.a]
Building...
mount from "/fwbuild-volumes/1.26/apps/AzureIoT-Neopixel-js/esp8266/build_contexts/build_ctx_751612475" to "/app"
mount from "/fwbuild-volumes/1.26/apps/AzureIoT-Neopixel-js/esp8266/build_contexts/build_ctx_751612475/modules/mongoose-os" to "/mongoose-os"
mount from "/fwbuild-volumes/1.26/apps/AzureIoT-Neopixel-js/esp8266/build_contexts/build_ctx_751612475/modules/mongoose-os" to "/fwbuild-volumes/1.26/apps/AzureIoT-Neopixel-js/esp8266/build_contexts/build_ctx_751612475/modules/mongoose-os"
mount from "/fwbuild-volumes/1.26/apps/AzureIoT-Neopixel-js/esp8266/build_contexts/build_ctx_751612475/build" to "/fwbuild-volumes/1.26/apps/AzureIoT-Neopixel-js/esp8266/build_contexts/build_ctx_751612475/build"
mount from "/fwbuild-volumes/1.26/apps/AzureIoT-Neopixel-js/esp8266/build_contexts/build_ctx_751612475/src" to "/fwbuild-volumes/1.26/apps/AzureIoT-Neopixel-js/esp8266/build_contexts/build_ctx_751612475/src"
mount from "/fwbuild-volumes/1.26/apps/AzureIoT-Neopixel-js/esp8266/build_contexts/build_ctx_751612475/build/gen" to "/fwbuild-volumes/1.26/apps/AzureIoT-Neopixel-js/esp8266/build_contexts/build_ctx_751612475/build/gen"
mount from "/fwbuild-volumes/1.26/apps/AzureIoT-Neopixel-js/esp8266/build_contexts/build_ctx_751612475/libs/blynk/src" to "/fwbuild-volumes/1.26/apps/AzureIoT-Neopixel-js/esp8266/build_contexts/build_ctx_751612475/libs/blynk/src"
mount from "/fwbuild-volumes/1.26/apps/AzureIoT-Neopixel-js/esp8266/build_contexts/build_ctx_751612475/libs/ca-bundle/src" to "/fwbuild-volumes/1.26/apps/AzureIoT-Neopixel-js/esp8266/build_contexts/build_ctx_751612475/libs/ca-bundle/src"
mount from "/fwbuild-volumes/1.26/apps/AzureIoT-Neopixel-js/esp8266/build_contexts/build_ctx_751612475/libs/shadow/src" to "/fwbuild-volumes/1.26/apps/AzureIoT-Neopixel-js/esp8266/build_contexts/build_ctx_751612475/libs/shadow/src"
mount from "/fwbuild-volumes/1.26/apps/AzureIoT-Neopixel-js/esp8266/build_contexts/build_ctx_751612475/libs/rpc-common/src/mg_rpc" to "/fwbuild-volumes/1.26/apps/AzureIoT-Neopixel-js/esp8266/build_contexts/build_ctx_751612475/libs/rpc-common/src/mg_rpc"
mount from "/fwbuild-volumes/1.26/apps/AzureIoT-Neopixel-js/esp8266/build_contexts/build_ctx_751612475/libs/rpc-common/src" to "/fwbuild-volumes/1.26/apps/AzureIoT-Neopixel-js/esp8266/build_contexts/build_ctx_751612475/libs/rpc-common/src"
mount from "/fwbuild-volumes/1.26/apps/AzureIoT-Neopixel-js/esp8266/build_contexts/build_ctx_751612475/libs/i2c/src" to "/fwbuild-volumes/1.26/apps/AzureIoT-Neopixel-js/esp8266/build_contexts/build_ctx_751612475/libs/i2c/src"
mount from "/fwbuild-volumes/1.26/apps/AzureIoT-Neopixel-js/esp8266/build_contexts/build_ctx_751612475/libs/i2c/src/common_gpio" to "/fwbuild-volumes/1.26/apps/AzureIoT-Neopixel-js/esp8266/build_contexts/build_ctx_751612475/libs/i2c/src/common_gpio"
mount from "/fwbuild-volumes/1.26/apps/AzureIoT-Neopixel-js/esp8266/build_contexts/build_ctx_751612475/libs/mjs/src" to "/fwbuild-volumes/1.26/apps/AzureIoT-Neopixel-js/esp8266/build_contexts/build_ctx_751612475/libs/mjs/src"
mount from "/fwbuild-volumes/1.26/apps/AzureIoT-Neopixel-js/esp8266/build_contexts/build_ctx_751612475/modules/mjs_module" to "/fwbuild-volumes/1.26/apps/AzureIoT-Neopixel-js/esp8266/build_contexts/build_ctx_751612475/modules/mjs_module"
mount from "/fwbuild-volumes/1.26/apps/AzureIoT-Neopixel-js/esp8266/build_contexts/build_ctx_751612475/libs/mjs/esp8266/src" to "/fwbuild-volumes/1.26/apps/AzureIoT-Neopixel-js/esp8266/build_contexts/build_ctx_751612475/libs/mjs/esp8266/src"
mount from "/fwbuild-volumes/1.26/apps/AzureIoT-Neopixel-js/esp8266/build_contexts/build_ctx_751612475/libs/mqtt/src" to "/fwbuild-volumes/1.26/apps/AzureIoT-Neopixel-js/esp8266/build_contexts/build_ctx_751612475/libs/mqtt/src"
mount from "/fwbuild-volumes/1.26/apps/AzureIoT-Neopixel-js/esp8266/build_contexts/build_ctx_751612475/libs/neopixel/src" to "/fwbuild-volumes/1.26/apps/AzureIoT-Neopixel-js/esp8266/build_contexts/build_ctx_751612475/libs/neopixel/src"
mount from "/fwbuild-volumes/1.26/apps/AzureIoT-Neopixel-js/esp8266/build_contexts/build_ctx_751612475/libs/rpc-service-config/src" to "/fwbuild-volumes/1.26/apps/AzureIoT-Neopixel-js/esp8266/build_contexts/build_ctx_751612475/libs/rpc-service-config/src"
mount from "/fwbuild-volumes/1.26/apps/AzureIoT-Neopixel-js/esp8266/build_contexts/build_ctx_751612475/libs/rpc-service-fs/src" to "/fwbuild-volumes/1.26/apps/AzureIoT-Neopixel-js/esp8266/build_contexts/build_ctx_751612475/libs/rpc-service-fs/src"
mount from "/fwbuild-volumes/1.26/apps/AzureIoT-Neopixel-js/esp8266/build_contexts/build_ctx_751612475/libs/rpc-uart/src" to "/fwbuild-volumes/1.26/apps/AzureIoT-Neopixel-js/esp8266/build_contexts/build_ctx_751612475/libs/rpc-uart/src"
mount from "/fwbuild-volumes/1.26/apps/AzureIoT-Neopixel-js/esp8266/build_contexts/build_ctx_751612475/libs/spi/src" to "/fwbuild-volumes/1.26/apps/AzureIoT-Neopixel-js/esp8266/build_contexts/build_ctx_751612475/libs/spi/src"
mount from "/fwbuild-volumes/1.26/apps/AzureIoT-Neopixel-js/esp8266/build_contexts/build_ctx_751612475/libs/spi/src/common_gpio" to "/fwbuild-volumes/1.26/apps/AzureIoT-Neopixel-js/esp8266/build_contexts/build_ctx_751612475/libs/spi/src/common_gpio"
mount from "/fwbuild-volumes/1.26/apps/AzureIoT-Neopixel-js/esp8266/build_contexts/build_ctx_751612475/libs/wifi/src" to "/fwbuild-volumes/1.26/apps/AzureIoT-Neopixel-js/esp8266/build_contexts/build_ctx_751612475/libs/wifi/src"
mount from "/fwbuild-volumes/1.26/apps/AzureIoT-Neopixel-js/esp8266/build_contexts/build_ctx_751612475/libs/wifi/esp8266/src" to "/fwbuild-volumes/1.26/apps/AzureIoT-Neopixel-js/esp8266/build_contexts/build_ctx_751612475/libs/wifi/esp8266/src"
mount from "/fwbuild-volumes/1.26/apps/AzureIoT-Neopixel-js/esp8266/build_contexts/build_ctx_751612475/libs/blynk/include" to "/fwbuild-volumes/1.26/apps/AzureIoT-Neopixel-js/esp8266/build_contexts/build_ctx_751612475/libs/blynk/include"
mount from "/fwbuild-volumes/1.26/apps/AzureIoT-Neopixel-js/esp8266/build_contexts/build_ctx_751612475/libs/shadow/include" to "/fwbuild-volumes/1.26/apps/AzureIoT-Neopixel-js/esp8266/build_contexts/build_ctx_751612475/libs/shadow/include"
mount from "/fwbuild-volumes/1.26/apps/AzureIoT-Neopixel-js/esp8266/build_contexts/build_ctx_751612475/libs/rpc-common/include/mg_rpc" to "/fwbuild-volumes/1.26/apps/AzureIoT-Neopixel-js/esp8266/build_contexts/build_ctx_751612475/libs/rpc-common/include/mg_rpc"
mount from "/fwbuild-volumes/1.26/apps/AzureIoT-Neopixel-js/esp8266/build_contexts/build_ctx_751612475/libs/rpc-common/include" to "/fwbuild-volumes/1.26/apps/AzureIoT-Neopixel-js/esp8266/build_contexts/build_ctx_751612475/libs/rpc-common/include"
mount from "/fwbuild-volumes/1.26/apps/AzureIoT-Neopixel-js/esp8266/build_contexts/build_ctx_751612475/libs/dash/include" to "/fwbuild-volumes/1.26/apps/AzureIoT-Neopixel-js/esp8266/build_contexts/build_ctx_751612475/libs/dash/include"
mount from "/fwbuild-volumes/1.26/apps/AzureIoT-Neopixel-js/esp8266/build_contexts/build_ctx_751612475/libs/i2c/include" to "/fwbuild-volumes/1.26/apps/AzureIoT-Neopixel-js/esp8266/build_contexts/build_ctx_751612475/libs/i2c/include"
mount from "/fwbuild-volumes/1.26/apps/AzureIoT-Neopixel-js/esp8266/build_contexts/build_ctx_751612475/libs/mjs/include" to "/fwbuild-volumes/1.26/apps/AzureIoT-Neopixel-js/esp8266/build_contexts/build_ctx_751612475/libs/mjs/include"
mount from "/fwbuild-volumes/1.26/apps/AzureIoT-Neopixel-js/esp8266/build_contexts/build_ctx_751612475/libs/mqtt/include" to "/fwbuild-volumes/1.26/apps/AzureIoT-Neopixel-js/esp8266/build_contexts/build_ctx_751612475/libs/mqtt/include"
mount from "/fwbuild-volumes/1.26/apps/AzureIoT-Neopixel-js/esp8266/build_contexts/build_ctx_751612475/libs/neopixel/include" to "/fwbuild-volumes/1.26/apps/AzureIoT-Neopixel-js/esp8266/build_contexts/build_ctx_751612475/libs/neopixel/include"
mount from "/fwbuild-volumes/1.26/apps/AzureIoT-Neopixel-js/esp8266/build_contexts/build_ctx_751612475/libs/rpc-service-config/include" to "/fwbuild-volumes/1.26/apps/AzureIoT-Neopixel-js/esp8266/build_contexts/build_ctx_751612475/libs/rpc-service-config/include"
mount from "/fwbuild-volumes/1.26/apps/AzureIoT-Neopixel-js/esp8266/build_contexts/build_ctx_751612475/libs/rpc-service-fs/include" to "/fwbuild-volumes/1.26/apps/AzureIoT-Neopixel-js/esp8266/build_contexts/build_ctx_751612475/libs/rpc-service-fs/include"
mount from "/fwbuild-volumes/1.26/apps/AzureIoT-Neopixel-js/esp8266/build_contexts/build_ctx_751612475/libs/rpc-uart/include" to "/fwbuild-volumes/1.26/apps/AzureIoT-Neopixel-js/esp8266/build_contexts/build_ctx_751612475/libs/rpc-uart/include"
mount from "/fwbuild-volumes/1.26/apps/AzureIoT-Neopixel-js/esp8266/build_contexts/build_ctx_751612475/libs/spi/include" to "/fwbuild-volumes/1.26/apps/AzureIoT-Neopixel-js/esp8266/build_contexts/build_ctx_751612475/libs/spi/include"
mount from "/fwbuild-volumes/1.26/apps/AzureIoT-Neopixel-js/esp8266/build_contexts/build_ctx_751612475/libs/wifi/include" to "/fwbuild-volumes/1.26/apps/AzureIoT-Neopixel-js/esp8266/build_contexts/build_ctx_751612475/libs/wifi/include"
mount from "/fwbuild-volumes/1.26/apps/AzureIoT-Neopixel-js/esp8266/build_contexts/build_ctx_751612475/libs/ca-bundle/fs" to "/fwbuild-volumes/1.26/apps/AzureIoT-Neopixel-js/esp8266/build_contexts/build_ctx_751612475/libs/ca-bundle/fs"
mount from "/fwbuild-volumes/1.26/apps/AzureIoT-Neopixel-js/esp8266/build_contexts/build_ctx_751612475/libs/mjs/fs" to "/fwbuild-volumes/1.26/apps/AzureIoT-Neopixel-js/esp8266/build_contexts/build_ctx_751612475/libs/mjs/fs"
mount from "/fwbuild-volumes/1.26/apps/AzureIoT-Neopixel-js/esp8266/build_contexts/build_ctx_751612475/modules/mjs_module/mjs/lib" to "/fwbuild-volumes/1.26/apps/AzureIoT-Neopixel-js/esp8266/build_contexts/build_ctx_751612475/modules/mjs_module/mjs/lib"
mount from "/fwbuild-volumes/1.26/apps/AzureIoT-Neopixel-js/esp8266/build_contexts/build_ctx_751612475/libs/blynk/mjs_fs" to "/fwbuild-volumes/1.26/apps/AzureIoT-Neopixel-js/esp8266/build_contexts/build_ctx_751612475/libs/blynk/mjs_fs"
mount from "/fwbuild-volumes/1.26/apps/AzureIoT-Neopixel-js/esp8266/build_contexts/build_ctx_751612475/libs/shadow/mjs_fs" to "/fwbuild-volumes/1.26/apps/AzureIoT-Neopixel-js/esp8266/build_contexts/build_ctx_751612475/libs/shadow/mjs_fs"
mount from "/fwbuild-volumes/1.26/apps/AzureIoT-Neopixel-js/esp8266/build_contexts/build_ctx_751612475/libs/rpc-common/mjs_fs" to "/fwbuild-volumes/1.26/apps/AzureIoT-Neopixel-js/esp8266/build_contexts/build_ctx_751612475/libs/rpc-common/mjs_fs"
mount from "/fwbuild-volumes/1.26/apps/AzureIoT-Neopixel-js/esp8266/build_contexts/build_ctx_751612475/libs/i2c/mjs_fs" to "/fwbuild-volumes/1.26/apps/AzureIoT-Neopixel-js/esp8266/build_contexts/build_ctx_751612475/libs/i2c/mjs_fs"
mount from "/fwbuild-volumes/1.26/apps/AzureIoT-Neopixel-js/esp8266/build_contexts/build_ctx_751612475/libs/mqtt/mjs_fs" to "/fwbuild-volumes/1.26/apps/AzureIoT-Neopixel-js/esp8266/build_contexts/build_ctx_751612475/libs/mqtt/mjs_fs"
mount from "/fwbuild-volumes/1.26/apps/AzureIoT-Neopixel-js/esp8266/build_contexts/build_ctx_751612475/libs/neopixel/mjs_fs" to "/fwbuild-volumes/1.26/apps/AzureIoT-Neopixel-js/esp8266/build_contexts/build_ctx_751612475/libs/neopixel/mjs_fs"
mount from "/fwbuild-volumes/1.26/apps/AzureIoT-Neopixel-js/esp8266/build_contexts/build_ctx_751612475/libs/spi/mjs_fs" to "/fwbuild-volumes/1.26/apps/AzureIoT-Neopixel-js/esp8266/build_contexts/build_ctx_751612475/libs/spi/mjs_fs"
mount from "/fwbuild-volumes/1.26/apps/AzureIoT-Neopixel-js/esp8266/build_contexts/build_ctx_751612475/libs/wifi/mjs_fs" to "/fwbuild-volumes/1.26/apps/AzureIoT-Neopixel-js/esp8266/build_contexts/build_ctx_751612475/libs/wifi/mjs_fs"
mount from "/fwbuild-volumes/1.26/apps/AzureIoT-Neopixel-js/esp8266/build_contexts/build_ctx_751612475/libs/mjs/esp8266/fs" to "/fwbuild-volumes/1.26/apps/AzureIoT-Neopixel-js/esp8266/build_contexts/build_ctx_751612475/libs/mjs/esp8266/fs"
mount from "/fwbuild-volumes/1.26/apps/AzureIoT-Neopixel-js/esp8266/build_contexts/build_ctx_751612475/fs" to "/fwbuild-volumes/1.26/apps/AzureIoT-Neopixel-js/esp8266/build_contexts/build_ctx_751612475/fs"
mount from "/fwbuild-volumes/1.26/apps/AzureIoT-Neopixel-js/esp8266/build_contexts/build_ctx_751612475/libs/ota-shadow/lib/esp8266" to "/fwbuild-volumes/1.26/apps/AzureIoT-Neopixel-js/esp8266/build_contexts/build_ctx_751612475/libs/ota-shadow/lib/esp8266"
mount from "/fwbuild-volumes/1.26/apps/AzureIoT-Neopixel-js/esp8266/build_contexts/build_ctx_751612475/libs/dash/lib/esp8266" to "/fwbuild-volumes/1.26/apps/AzureIoT-Neopixel-js/esp8266/build_contexts/build_ctx_751612475/libs/dash/lib/esp8266"
mount from "/fwbuild-volumes/1.26/apps/AzureIoT-Neopixel-js/esp8266/build_contexts/build_ctx_751612475/build/gen" to "/fwbuild-volumes/1.26/apps/AzureIoT-Neopixel-js/esp8266/build_contexts/build_ctx_751612475/build/gen"
Docker arguments: run --name mos_build_2018-03-21T23-24-28-00_9049390267157364956 --rm -i -v /fwbuild-volumes/1.26/apps/AzureIoT-Neopixel-js/esp8266/build_contexts/build_ctx_751612475/fs:/fwbuild-volumes/1.26/apps/AzureIoT-Neopixel-js/esp8266/build_contexts/build_ctx_751612475/fs -v /fwbuild-volumes/1.26/apps/AzureIoT-Neopixel-js/esp8266/build_contexts/build_ctx_751612475/libs/rpc-uart/src:/fwbuild-volumes/1.26/apps/AzureIoT-Neopixel-js/esp8266/build_contexts/build_ctx_751612475/libs/rpc-uart/src -v /fwbuild-volumes/1.26/apps/AzureIoT-Neopixel-js/esp8266/build_contexts/build_ctx_751612475/libs/spi/src:/fwbuild-volumes/1.26/apps/AzureIoT-Neopixel-js/esp8266/build_contexts/build_ctx_751612475/libs/spi/src -v /fwbuild-volumes/1.26/apps/AzureIoT-Neopixel-js/esp8266/build_contexts/build_ctx_751612475/libs/wifi/esp8266/src:/fwbuild-volumes/1.26/apps/AzureIoT-Neopixel-js/esp8266/build_contexts/build_ctx_751612475/libs/wifi/esp8266/src -v /fwbuild-volumes/1.26/apps/AzureIoT-Neopixel-js/esp8266/build_contexts/build_ctx_751612475/libs/blynk/mjs_fs:/fwbuild-volumes/1.26/apps/AzureIoT-Neopixel-js/esp8266/build_contexts/build_ctx_751612475/libs/blynk/mjs_fs -v /fwbuild-volumes/1.26/apps/AzureIoT-Neopixel-js/esp8266/build_contexts/build_ctx_751612475/modules/mongoose-os:/fwbuild-volumes/1.26/apps/AzureIoT-Neopixel-js/esp8266/build_contexts/build_ctx_751612475/modules/mongoose-os -v /fwbuild-volumes/1.26/apps/AzureIoT-Neopixel-js/esp8266/build_contexts/build_ctx_751612475/build/gen:/fwbuild-volumes/1.26/apps/AzureIoT-Neopixel-js/esp8266/build_contexts/build_ctx_751612475/build/gen -v /fwbuild-volumes/1.26/apps/AzureIoT-Neopixel-js/esp8266/build_contexts/build_ctx_751612475/libs/neopixel/include:/fwbuild-volumes/1.26/apps/AzureIoT-Neopixel-js/esp8266/build_contexts/build_ctx_751612475/libs/neopixel/include -v /fwbuild-volumes/1.26/apps/AzureIoT-Neopixel-js/esp8266/build_contexts/build_ctx_751612475/libs/rpc-service-config/include:/fwbuild-volumes/1.26/apps/AzureIoT-Neopixel-js/esp8266/build_contexts/build_ctx_751612475/libs/rpc-service-config/include -v /fwbuild-volumes/1.26/apps/AzureIoT-Neopixel-js/esp8266/build_contexts/build_ctx_751612475/libs/mqtt/src:/fwbuild-volumes/1.26/apps/AzureIoT-Neopixel-js/esp8266/build_contexts/build_ctx_751612475/libs/mqtt/src -v /fwbuild-volumes/1.26/apps/AzureIoT-Neopixel-js/esp8266/build_contexts/build_ctx_751612475/libs/shadow/include:/fwbuild-volumes/1.26/apps/AzureIoT-Neopixel-js/esp8266/build_contexts/build_ctx_751612475/libs/shadow/include -v /fwbuild-volumes/1.26/apps/AzureIoT-Neopixel-js/esp8266/build_contexts/build_ctx_751612475/libs/dash/include:/fwbuild-volumes/1.26/apps/AzureIoT-Neopixel-js/esp8266/build_contexts/build_ctx_751612475/libs/dash/include -v /fwbuild-volumes/1.26/apps/AzureIoT-Neopixel-js/esp8266/build_contexts/build_ctx_751612475/libs/mjs/esp8266/fs:/fwbuild-volumes/1.26/apps/AzureIoT-Neopixel-js/esp8266/build_contexts/build_ctx_751612475/libs/mjs/esp8266/fs -v /fwbuild-volumes/1.26/apps/AzureIoT-Neopixel-js/esp8266/build_contexts/build_ctx_751612475/libs/rpc-common/src:/fwbuild-volumes/1.26/apps/AzureIoT-Neopixel-js/esp8266/build_contexts/build_ctx_751612475/libs/rpc-common/src -v /fwbuild-volumes/1.26/apps/AzureIoT-Neopixel-js/esp8266/build_contexts/build_ctx_751612475/libs/mjs/esp8266/src:/fwbuild-volumes/1.26/apps/AzureIoT-Neopixel-js/esp8266/build_contexts/build_ctx_751612475/libs/mjs/esp8266/src -v /fwbuild-volumes/1.26/apps/AzureIoT-Neopixel-js/esp8266/build_contexts/build_ctx_751612475/libs/neopixel/mjs_fs:/fwbuild-volumes/1.26/apps/AzureIoT-Neopixel-js/esp8266/build_contexts/build_ctx_751612475/libs/neopixel/mjs_fs -v /fwbuild-volumes/1.26/apps/AzureIoT-Neopixel-js/esp8266/build_contexts/build_ctx_751612475:/app -v /fwbuild-volumes/1.26/apps/AzureIoT-Neopixel-js/esp8266/build_contexts/build_ctx_751612475/libs/shadow/mjs_fs:/fwbuild-volumes/1.26/apps/AzureIoT-Neopixel-js/esp8266/build_contexts/build_ctx_751612475/libs/shadow/mjs_fs -v /fwbuild-volumes/1.26/apps/AzureIoT-Neopixel-js/esp8266/build_contexts/build_ctx_751612475/libs/rpc-common/include:/fwbuild-volumes/1.26/apps/AzureIoT-Neopixel-js/esp8266/build_contexts/build_ctx_751612475/libs/rpc-common/include -v /fwbuild-volumes/1.26/apps/AzureIoT-Neopixel-js/esp8266/build_contexts/build_ctx_751612475/libs/spi/mjs_fs:/fwbuild-volumes/1.26/apps/AzureIoT-Neopixel-js/esp8266/build_contexts/build_ctx_751612475/libs/spi/mjs_fs -v /fwbuild-volumes/1.26/apps/AzureIoT-Neopixel-js/esp8266/build_contexts/build_ctx_751612475/src:/fwbuild-volumes/1.26/apps/AzureIoT-Neopixel-js/esp8266/build_contexts/build_ctx_751612475/src -v /fwbuild-volumes/1.26/apps/AzureIoT-Neopixel-js/esp8266/build_contexts/build_ctx_751612475/modules/mjs_module/mjs/lib:/fwbuild-volumes/1.26/apps/AzureIoT-Neopixel-js/esp8266/build_contexts/build_ctx_751612475/modules/mjs_module/mjs/lib -v /fwbuild-volumes/1.26/apps/AzureIoT-Neopixel-js/esp8266/build_contexts/build_ctx_751612475/libs/i2c/include:/fwbuild-volumes/1.26/apps/AzureIoT-Neopixel-js/esp8266/build_contexts/build_ctx_751612475/libs/i2c/include -v /fwbuild-volumes/1.26/apps/AzureIoT-Neopixel-js/esp8266/build_contexts/build_ctx_751612475/libs/mqtt/mjs_fs:/fwbuild-volumes/1.26/apps/AzureIoT-Neopixel-js/esp8266/build_contexts/build_ctx_751612475/libs/mqtt/mjs_fs -v /fwbuild-volumes/1.26/apps/AzureIoT-Neopixel-js/esp8266/build_contexts/build_ctx_751612475/libs/blynk/include:/fwbuild-volumes/1.26/apps/AzureIoT-Neopixel-js/esp8266/build_contexts/build_ctx_751612475/libs/blynk/include -v /fwbuild-volumes/1.26/apps/AzureIoT-Neopixel-js/esp8266/build_contexts/build_ctx_751612475/libs/rpc-service-fs/include:/fwbuild-volumes/1.26/apps/AzureIoT-Neopixel-js/esp8266/build_contexts/build_ctx_751612475/libs/rpc-service-fs/include -v /fwbuild-volumes/1.26/apps/AzureIoT-Neopixel-js/esp8266/build_contexts/build_ctx_751612475/libs/neopixel/src:/fwbuild-volumes/1.26/apps/AzureIoT-Neopixel-js/esp8266/build_contexts/build_ctx_751612475/libs/neopixel/src -v /fwbuild-volumes/1.26/apps/AzureIoT-Neopixel-js/esp8266/build_contexts/build_ctx_751612475/libs/rpc-service-config/src:/fwbuild-volumes/1.26/apps/AzureIoT-Neopixel-js/esp8266/build_contexts/build_ctx_751612475/libs/rpc-service-config/src -v /fwbuild-volumes/1.26/apps/AzureIoT-Neopixel-js/esp8266/build_contexts/build_ctx_751612475/libs/rpc-common/mjs_fs:/fwbuild-volumes/1.26/apps/AzureIoT-Neopixel-js/esp8266/build_contexts/build_ctx_751612475/libs/rpc-common/mjs_fs -v /fwbuild-volumes/1.26/apps/AzureIoT-Neopixel-js/esp8266/build_contexts/build_ctx_751612475/libs/spi/include:/fwbuild-volumes/1.26/apps/AzureIoT-Neopixel-js/esp8266/build_contexts/build_ctx_751612475/libs/spi/include -v /fwbuild-volumes/1.26/apps/AzureIoT-Neopixel-js/esp8266/build_contexts/build_ctx_751612475/libs/i2c/src:/fwbuild-volumes/1.26/apps/AzureIoT-Neopixel-js/esp8266/build_contexts/build_ctx_751612475/libs/i2c/src -v /fwbuild-volumes/1.26/apps/AzureIoT-Neopixel-js/esp8266/build_contexts/build_ctx_751612475/modules/mjs_module:/fwbuild-volumes/1.26/apps/AzureIoT-Neopixel-js/esp8266/build_contexts/build_ctx_751612475/modules/mjs_module -v /fwbuild-volumes/1.26/apps/AzureIoT-Neopixel-js/esp8266/build_contexts/build_ctx_751612475/libs/mqtt/include:/fwbuild-volumes/1.26/apps/AzureIoT-Neopixel-js/esp8266/build_contexts/build_ctx_751612475/libs/mqtt/include -v /fwbuild-volumes/1.26/apps/AzureIoT-Neopixel-js/esp8266/build_contexts/build_ctx_751612475/libs/wifi/mjs_fs:/fwbuild-volumes/1.26/apps/AzureIoT-Neopixel-js/esp8266/build_contexts/build_ctx_751612475/libs/wifi/mjs_fs -v /fwbuild-volumes/1.26/apps/AzureIoT-Neopixel-js/esp8266/build_contexts/build_ctx_751612475/libs/blynk/src:/fwbuild-volumes/1.26/apps/AzureIoT-Neopixel-js/esp8266/build_contexts/build_ctx_751612475/libs/blynk/src -v /fwbuild-volumes/1.26/apps/AzureIoT-Neopixel-js/esp8266/build_contexts/build_ctx_751612475/libs/ca-bundle/src:/fwbuild-volumes/1.26/apps/AzureIoT-Neopixel-js/esp8266/build_contexts/build_ctx_751612475/libs/ca-bundle/src -v /fwbuild-volumes/1.26/apps/AzureIoT-Neopixel-js/esp8266/build_contexts/build_ctx_751612475/libs/wifi/src:/fwbuild-volumes/1.26/apps/AzureIoT-Neopixel-js/esp8266/build_contexts/build_ctx_751612475/libs/wifi/src -v /fwbuild-volumes/1.26/apps/AzureIoT-Neopixel-js/esp8266/build_contexts/build_ctx_751612475/libs/wifi/include:/fwbuild-volumes/1.26/apps/AzureIoT-Neopixel-js/esp8266/build_contexts/build_ctx_751612475/libs/wifi/include -v /fwbuild-volumes/1.26/apps/AzureIoT-Neopixel-js/esp8266/build_contexts/build_ctx_751612475/libs/dash/lib/esp8266:/fwbuild-volumes/1.26/apps/AzureIoT-Neopixel-js/esp8266/build_contexts/build_ctx_751612475/libs/dash/lib/esp8266 -v /fwbuild-volumes/1.26/apps/AzureIoT-Neopixel-js/esp8266/build_contexts/build_ctx_751612475/build:/fwbuild-volumes/1.26/apps/AzureIoT-Neopixel-js/esp8266/build_contexts/build_ctx_751612475/build -v /fwbuild-volumes/1.26/apps/AzureIoT-Neopixel-js/esp8266/build_contexts/build_ctx_751612475/modules/mongoose-os:/mongoose-os -v /fwbuild-volumes/1.26/apps/AzureIoT-Neopixel-js/esp8266/build_contexts/build_ctx_751612475/libs/rpc-service-fs/src:/fwbuild-volumes/1.26/apps/AzureIoT-Neopixel-js/esp8266/build_contexts/build_ctx_751612475/libs/rpc-service-fs/src -v /fwbuild-volumes/1.26/apps/AzureIoT-Neopixel-js/esp8266/build_contexts/build_ctx_751612475/libs/rpc-common/include/mg_rpc:/fwbuild-volumes/1.26/apps/AzureIoT-Neopixel-js/esp8266/build_contexts/build_ctx_751612475/libs/rpc-common/include/mg_rpc -v /fwbuild-volumes/1.26/apps/AzureIoT-Neopixel-js/esp8266/build_contexts/build_ctx_751612475/libs/rpc-uart/include:/fwbuild-volumes/1.26/apps/AzureIoT-Neopixel-js/esp8266/build_contexts/build_ctx_751612475/libs/rpc-uart/include -v /fwbuild-volumes/1.26/apps/AzureIoT-Neopixel-js/esp8266/build_contexts/build_ctx_751612475/libs/ca-bundle/fs:/fwbuild-volumes/1.26/apps/AzureIoT-Neopixel-js/esp8266/build_contexts/build_ctx_751612475/libs/ca-bundle/fs -v /fwbuild-volumes/1.26/apps/AzureIoT-Neopixel-js/esp8266/build_contexts/build_ctx_751612475/libs/ota-shadow/lib/esp8266:/fwbuild-volumes/1.26/apps/AzureIoT-Neopixel-js/esp8266/build_contexts/build_ctx_751612475/libs/ota-shadow/lib/esp8266 -v /fwbuild-volumes/1.26/apps/AzureIoT-Neopixel-js/esp8266/build_contexts/build_ctx_751612475/libs/shadow/src:/fwbuild-volumes/1.26/apps/AzureIoT-Neopixel-js/esp8266/build_contexts/build_ctx_751612475/libs/shadow/src -v /fwbuild-volumes/1.26/apps/AzureIoT-Neopixel-js/esp8266/build_contexts/build_ctx_751612475/libs/rpc-common/src/mg_rpc:/fwbuild-volumes/1.26/apps/AzureIoT-Neopixel-js/esp8266/build_contexts/build_ctx_751612475/libs/rpc-common/src/mg_rpc -v /fwbuild-volumes/1.26/apps/AzureIoT-Neopixel-js/esp8266/build_contexts/build_ctx_751612475/libs/mjs/fs:/fwbuild-volumes/1.26/apps/AzureIoT-Neopixel-js/esp8266/build_contexts/build_ctx_751612475/libs/mjs/fs -v /fwbuild-volumes/1.26/apps/AzureIoT-Neopixel-js/esp8266/build_contexts/build_ctx_751612475/libs/i2c/mjs_fs:/fwbuild-volumes/1.26/apps/AzureIoT-Neopixel-js/esp8266/build_contexts/build_ctx_751612475/libs/i2c/mjs_fs -v /fwbuild-volumes/1.26/apps/AzureIoT-Neopixel-js/esp8266/build_contexts/build_ctx_751612475/libs/i2c/src/common_gpio:/fwbuild-volumes/1.26/apps/AzureIoT-Neopixel-js/esp8266/build_contexts/build_ctx_751612475/libs/i2c/src/common_gpio -v /fwbuild-volumes/1.26/apps/AzureIoT-Neopixel-js/esp8266/build_contexts/build_ctx_751612475/libs/mjs/src:/fwbuild-volumes/1.26/apps/AzureIoT-Neopixel-js/esp8266/build_contexts/build_ctx_751612475/libs/mjs/src -v /fwbuild-volumes/1.26/apps/AzureIoT-Neopixel-js/esp8266/build_contexts/build_ctx_751612475/libs/spi/src/common_gpio:/fwbuild-volumes/1.26/apps/AzureIoT-Neopixel-js/esp8266/build_contexts/build_ctx_751612475/libs/spi/src/common_gpio -v /fwbuild-volumes/1.26/apps/AzureIoT-Neopixel-js/esp8266/build_contexts/build_ctx_751612475/libs/mjs/include:/fwbuild-volumes/1.26/apps/AzureIoT-Neopixel-js/esp8266/build_contexts/build_ctx_751612475/libs/mjs/include --user 0:0 docker.cesanta.com/esp8266-build:2.1.0-1.5.0-r10 /bin/bash -c nice make '-j' '16' '-C' '/app' '-f' '/mongoose-os/fw/platforms/esp8266/Makefile.build' 'all' 'MANIFEST_FINAL=/fwbuild-volumes/1.26/apps/AzureIoT-Neopixel-js/esp8266/build_contexts/build_ctx_751612475/build/gen/mos_final.yml' 'GEN_DIR=/fwbuild-volumes/1.26/apps/AzureIoT-Neopixel-js/esp8266/build_contexts/build_ctx_751612475/build/gen' 'APP_CXXFLAGS=-DMGOS_HAVE_I2C=1 -DMGOS_HAVE_SPI=1 -DMGOS_HAVE_SHADOW=1 -DMGOS_ENABLE_RPC_CHANNEL_HTTP=1 -DMGOS_HAVE_NEOPIXEL=1 -DMGOS_HAVE_WIFI=1 -DMGOS_HAVE_MJS=1 -DMGOS_HAVE_RPC_UART=1 -DMGOS_ENABLE_RPC_CHANNEL_WS=1 -DMGOS_HAVE_CA_BUNDLE=1 -DMGOS_WIFI_ENABLE_AP_STA=1 -DMG_ENABLE_DNS_SERVER=1 -DMGOS_HAVE_RPC_SERVICE_CONFIG=1 -DMGOS_HAVE_DASH=1 -DMGOS_HAVE_OTA_SHADOW=1 -DMGOS_ENABLE_SYS_SERVICE=1 -DMGOS_HAVE_RPC_SERVICE_FS=1 -DMGOS_HAVE_BLYNK=1 -DMGOS_HAVE_MQTT=1 -DMG_ENABLE_MQTT=1 -DMGOS_HAVE_RPC_COMMON=1' 'APP_CONF_SCHEMA=/fwbuild-volumes/1.26/apps/AzureIoT-Neopixel-js/esp8266/build_contexts/build_ctx_751612475/build/gen/mos_conf_schema.yml' 'MGOS_ENABLE_UPDATER=1' 'MGOS_HAVE_RPC_SERVICE_CONFIG=1' 'FW_DIR=build/fw' 'APP_SOURCES=/fwbuild-volumes/1.26/apps/AzureIoT-Neopixel-js/esp8266/build_contexts/build_ctx_751612475/src/main.c /fwbuild-volumes/1.26/apps/AzureIoT-Neopixel-js/esp8266/build_contexts/build_ctx_751612475/build/gen/deps_init.c /fwbuild-volumes/1.26/apps/AzureIoT-Neopixel-js/esp8266/build_contexts/build_ctx_751612475/libs/blynk/src/mgos_blynk.c /fwbuild-volumes/1.26/apps/AzureIoT-Neopixel-js/esp8266/build_contexts/build_ctx_751612475/libs/ca-bundle/src/mgos_ca_bundle.c /fwbuild-volumes/1.26/apps/AzureIoT-Neopixel-js/esp8266/build_contexts/build_ctx_751612475/libs/shadow/src/mgos_shadow.c /fwbuild-volumes/1.26/apps/AzureIoT-Neopixel-js/esp8266/build_contexts/build_ctx_751612475/libs/rpc-common/src/mg_rpc/mg_rpc.c /fwbuild-volumes/1.26/apps/AzureIoT-Neopixel-js/esp8266/build_contexts/build_ctx_751612475/libs/rpc-common/src/mg_rpc/mg_rpc_channel.c /fwbuild-volumes/1.26/apps/AzureIoT-Neopixel-js/esp8266/build_contexts/build_ctx_751612475/libs/rpc-common/src/mg_rpc/mg_rpc_channel_http.c /fwbuild-volumes/1.26/apps/AzureIoT-Neopixel-js/esp8266/build_contexts/build_ctx_751612475/libs/rpc-common/src/mg_rpc/mg_rpc_channel_ws.c /fwbuild-volumes/1.26/apps/AzureIoT-Neopixel-js/esp8266/build_contexts/build_ctx_751612475/libs/rpc-common/src/mgos_rpc.c /fwbuild-volumes/1.26/apps/AzureIoT-Neopixel-js/esp8266/build_contexts/build_ctx_751612475/libs/i2c/src/mgos_i2c.c /fwbuild-volumes/1.26/apps/AzureIoT-Neopixel-js/esp8266/build_contexts/build_ctx_751612475/libs/i2c/src/common_gpio/mgos_i2c_gpio.c /fwbuild-volumes/1.26/apps/AzureIoT-Neopixel-js/esp8266/build_contexts/build_ctx_751612475/libs/mjs/src/mos_mjs.c /fwbuild-volumes/1.26/apps/AzureIoT-Neopixel-js/esp8266/build_contexts/build_ctx_751612475/modules/mjs_module/mjs.c /fwbuild-volumes/1.26/apps/AzureIoT-Neopixel-js/esp8266/build_contexts/build_ctx_751612475/libs/mjs/esp8266/src/esp8266_mjs.c /fwbuild-volumes/1.26/apps/AzureIoT-Neopixel-js/esp8266/build_contexts/build_ctx_751612475/libs/mqtt/src/mgos_mqtt.c /fwbuild-volumes/1.26/apps/AzureIoT-Neopixel-js/esp8266/build_contexts/build_ctx_751612475/libs/neopixel/src/mgos_neopixel.c /fwbuild-volumes/1.26/apps/AzureIoT-Neopixel-js/esp8266/build_contexts/build_ctx_751612475/libs/rpc-service-config/src/mgos_service_config.c /fwbuild-volumes/1.26/apps/AzureIoT-Neopixel-js/esp8266/build_contexts/build_ctx_751612475/libs/rpc-service-fs/src/mgos_service_filesystem.c /fwbuild-volumes/1.26/apps/AzureIoT-Neopixel-js/esp8266/build_contexts/build_ctx_751612475/libs/rpc-uart/src/mgos_rpc_channel_uart.c /fwbuild-volumes/1.26/apps/AzureIoT-Neopixel-js/esp8266/build_contexts/build_ctx_751612475/libs/spi/src/mgos_spi.c /fwbuild-volumes/1.26/apps/AzureIoT-Neopixel-js/esp8266/build_contexts/build_ctx_751612475/libs/spi/src/mgos_spi_mjs.c /fwbuild-volumes/1.26/apps/AzureIoT-Neopixel-js/esp8266/build_contexts/build_ctx_751612475/libs/spi/src/common_gpio/mgos_spi_gpio.c /fwbuild-volumes/1.26/apps/AzureIoT-Neopixel-js/esp8266/build_contexts/build_ctx_751612475/libs/wifi/src/mgos_wifi.c /fwbuild-volumes/1.26/apps/AzureIoT-Neopixel-js/esp8266/build_contexts/build_ctx_751612475/libs/wifi/src/mjs_wifi.c /fwbuild-volumes/1.26/apps/AzureIoT-Neopixel-js/esp8266/build_contexts/build_ctx_751612475/libs/wifi/esp8266/src/esp_wifi.c' 'MGOS_ENABLE_SPI_GPIO=1' 'MGOS_HAVE_MQTT=1' 'MGOS_HAVE_DASH=1' 'MGOS_HAVE_OTA_SHADOW=1' 'BUILD_DIR=/fwbuild-volumes/1.26/apps/AzureIoT-Neopixel-js/esp8266/build_contexts/build_ctx_751612475/build/objs' 'APP_INCLUDES=/fwbuild-volumes/1.26/apps/AzureIoT-Neopixel-js/esp8266/build_contexts/build_ctx_751612475/libs/blynk/include /fwbuild-volumes/1.26/apps/AzureIoT-Neopixel-js/esp8266/build_contexts/build_ctx_751612475/libs/shadow/include /fwbuild-volumes/1.26/apps/AzureIoT-Neopixel-js/esp8266/build_contexts/build_ctx_751612475/libs/rpc-common/include/mg_rpc /fwbuild-volumes/1.26/apps/AzureIoT-Neopixel-js/esp8266/build_contexts/build_ctx_751612475/libs/rpc-common/include /fwbuild-volumes/1.26/apps/AzureIoT-Neopixel-js/esp8266/build_contexts/build_ctx_751612475/libs/dash/include /fwbuild-volumes/1.26/apps/AzureIoT-Neopixel-js/esp8266/build_contexts/build_ctx_751612475/libs/i2c/include /fwbuild-volumes/1.26/apps/AzureIoT-Neopixel-js/esp8266/build_contexts/build_ctx_751612475/libs/mjs/include /fwbuild-volumes/1.26/apps/AzureIoT-Neopixel-js/esp8266/build_contexts/build_ctx_751612475/libs/mqtt/include /fwbuild-volumes/1.26/apps/AzureIoT-Neopixel-js/esp8266/build_contexts/build_ctx_751612475/libs/neopixel/include /fwbuild-volumes/1.26/apps/AzureIoT-Neopixel-js/esp8266/build_contexts/build_ctx_751612475/libs/rpc-service-config/include /fwbuild-volumes/1.26/apps/AzureIoT-Neopixel-js/esp8266/build_contexts/build_ctx_751612475/libs/rpc-service-fs/include /fwbuild-volumes/1.26/apps/AzureIoT-Neopixel-js/esp8266/build_contexts/build_ctx_751612475/libs/rpc-uart/include /fwbuild-volumes/1.26/apps/AzureIoT-Neopixel-js/esp8266/build_contexts/build_ctx_751612475/libs/spi/include /fwbuild-volumes/1.26/apps/AzureIoT-Neopixel-js/esp8266/build_contexts/build_ctx_751612475/libs/wifi/include' 'APP_CFLAGS=-DMGOS_HAVE_OTA_SHADOW=1 -DMGOS_ENABLE_SYS_SERVICE=1 -DMGOS_WIFI_ENABLE_AP_STA=1 -DMG_ENABLE_DNS_SERVER=1 -DMGOS_HAVE_RPC_SERVICE_CONFIG=1 -DMGOS_HAVE_DASH=1 -DMG_ENABLE_MQTT=1 -DMGOS_HAVE_RPC_COMMON=1 -DMGOS_HAVE_RPC_SERVICE_FS=1 -DMGOS_HAVE_BLYNK=1 -DMGOS_HAVE_MQTT=1 -DMGOS_HAVE_SHADOW=1 -DMGOS_ENABLE_RPC_CHANNEL_HTTP=1 -DMGOS_HAVE_I2C=1 -DMGOS_HAVE_SPI=1 -DMGOS_ENABLE_RPC_CHANNEL_WS=1 -DMGOS_HAVE_CA_BUNDLE=1 -DMGOS_HAVE_NEOPIXEL=1 -DMGOS_HAVE_WIFI=1 -DMGOS_HAVE_MJS=1 -DMGOS_HAVE_RPC_UART=1' 'MGOS_ENABLE_I2C_GPIO=1' 'MGOS_HAVE_SHADOW=1' 'MGOS_HAVE_CA_BUNDLE=1' 'MGOS_HAVE_RPC_SERVICE_FS=1' 'MGOS_HAVE_SPI=1' 'APP_VERSION=1.0' 'APP_BIN_LIBS=/fwbuild-volumes/1.26/apps/AzureIoT-Neopixel-js/esp8266/build_contexts/build_ctx_751612475/libs/ota-shadow/lib/esp8266/libota-shadow.a /fwbuild-volumes/1.26/apps/AzureIoT-Neopixel-js/esp8266/build_contexts/build_ctx_751612475/libs/dash/lib/esp8266/libdash.a' 'APP=AzureIoT-Neopixel-js' 'MGOS_HAVE_RPC_COMMON=1' 'APP_FS_FILES=/fwbuild-volumes/1.26/apps/AzureIoT-Neopixel-js/esp8266/build_contexts/build_ctx_751612475/libs/ca-bundle/fs/ca.pem /fwbuild-volumes/1.26/apps/AzureIoT-Neopixel-js/esp8266/build_contexts/build_ctx_751612475/libs/mjs/fs/api_bitbang.js /fwbuild-volumes/1.26/apps/AzureIoT-Neopixel-js/esp8266/build_contexts/build_ctx_751612475/libs/mjs/fs/api_config.js /fwbuild-volumes/1.26/apps/AzureIoT-Neopixel-js/esp8266/build_contexts/build_ctx_751612475/libs/mjs/fs/api_events.js /fwbuild-volumes/1.26/apps/AzureIoT-Neopixel-js/esp8266/build_contexts/build_ctx_751612475/libs/mjs/fs/api_gpio.js /fwbuild-volumes/1.26/apps/AzureIoT-Neopixel-js/esp8266/build_contexts/build_ctx_751612475/libs/mjs/fs/api_grove.js /fwbuild-volumes/1.26/apps/AzureIoT-Neopixel-js/esp8266/build_contexts/build_ctx_751612475/libs/mjs/fs/api_http.js /fwbuild-volumes/1.26/apps/AzureIoT-Neopixel-js/esp8266/build_contexts/build_ctx_751612475/libs/mjs/fs/api_log.js /fwbuild-volumes/1.26/apps/AzureIoT-Neopixel-js/esp8266/build_contexts/build_ctx_751612475/libs/mjs/fs/api_net.js /fwbuild-volumes/1.26/apps/AzureIoT-Neopixel-js/esp8266/build_contexts/build_ctx_751612475/libs/mjs/fs/api_sys.js /fwbuild-volumes/1.26/apps/AzureIoT-Neopixel-js/esp8266/build_contexts/build_ctx_751612475/libs/mjs/fs/api_timer.js /fwbuild-volumes/1.26/apps/AzureIoT-Neopixel-js/esp8266/build_contexts/build_ctx_751612475/libs/mjs/fs/api_uart.js /fwbuild-volumes/1.26/apps/AzureIoT-Neopixel-js/esp8266/build_contexts/build_ctx_751612475/libs/mjs/fs/init.js /fwbuild-volumes/1.26/apps/AzureIoT-Neopixel-js/esp8266/build_contexts/build_ctx_751612475/modules/mjs_module/mjs/lib/api_dataview.js /fwbuild-volumes/1.26/apps/AzureIoT-Neopixel-js/esp8266/build_contexts/build_ctx_751612475/modules/mjs_module/mjs/lib/api_file.js /fwbuild-volumes/1.26/apps/AzureIoT-Neopixel-js/esp8266/build_contexts/build_ctx_751612475/modules/mjs_module/mjs/lib/api_math.js /fwbuild-volumes/1.26/apps/AzureIoT-Neopixel-js/esp8266/build_contexts/build_ctx_751612475/libs/blynk/mjs_fs/api_blynk.js /fwbuild-volumes/1.26/apps/AzureIoT-Neopixel-js/esp8266/build_contexts/build_ctx_751612475/libs/shadow/mjs_fs/api_shadow.js /fwbuild-volumes/1.26/apps/AzureIoT-Neopixel-js/esp8266/build_contexts/build_ctx_751612475/libs/rpc-common/mjs_fs/api_rpc.js /fwbuild-volumes/1.26/apps/AzureIoT-Neopixel-js/esp8266/build_contexts/build_ctx_751612475/libs/i2c/mjs_fs/api_i2c.js /fwbuild-volumes/1.26/apps/AzureIoT-Neopixel-js/esp8266/build_contexts/build_ctx_751612475/libs/mqtt/mjs_fs/api_mqtt.js /fwbuild-volumes/1.26/apps/AzureIoT-Neopixel-js/esp8266/build_contexts/build_ctx_751612475/libs/neopixel/mjs_fs/api_neopixel.js /fwbuild-volumes/1.26/apps/AzureIoT-Neopixel-js/esp8266/build_contexts/build_ctx_751612475/libs/spi/mjs_fs/api_spi.js /fwbuild-volumes/1.26/apps/AzureIoT-Neopixel-js/esp8266/build_contexts/build_ctx_751612475/libs/wifi/mjs_fs/api_wifi.js /fwbuild-volumes/1.26/apps/AzureIoT-Neopixel-js/esp8266/build_contexts/build_ctx_751612475/libs/mjs/esp8266/fs/api_arch_uart.js /fwbuild-volumes/1.26/apps/AzureIoT-Neopixel-js/esp8266/build_contexts/build_ctx_751612475/libs/mjs/esp8266/fs/api_esp8266.js /fwbuild-volumes/1.26/apps/AzureIoT-Neopixel-js/esp8266/build_contexts/build_ctx_751612475/fs/index.html /fwbuild-volumes/1.26/apps/AzureIoT-Neopixel-js/esp8266/build_contexts/build_ctx_751612475/fs/init.js' 'FFI_SYMBOLS=' 'MGOS_HAVE_BLYNK=1' 'MGOS_HAVE_NEOPIXEL=1' 'MGOS_PATH=/mongoose-os' 'PLATFORM=esp8266' 'FS_STAGING_DIR=build/fs' 'MGOS_HAVE_I2C=1' 'MGOS_HAVE_WIFI=1' 'MGOS_HAVE_RPC_UART=1' 'MGOS_HAVE_MJS=1' 'MGOS_WIFI_ENABLE_AP_STA=1'
make: Entering directory '/app'
  GEN   /fwbuild-volumes/1.26/apps/AzureIoT-Neopixel-js/esp8266/build_contexts/build_ctx_751612475/build/gen/mgos_config.c
  GEN   /fwbuild-volumes/1.26/apps/AzureIoT-Neopixel-js/esp8266/build_contexts/build_ctx_751612475/build/gen/ffi_exports.c
  CC    /mongoose-os/fw/platforms/esp8266/src/esp_cache.c -> /fwbuild-volumes/1.26/apps/AzureIoT-Neopixel-js/esp8266/build_contexts/build_ctx_751612475/build/objs/esp_cache.c.o
CC rboot.c
  CC    /fwbuild-volumes/1.26/apps/AzureIoT-Neopixel-js/esp8266/build_contexts/build_ctx_751612475/src/main.c -> /fwbuild-volumes/1.26/apps/AzureIoT-Neopixel-js/esp8266/build_contexts/build_ctx_751612475/build/objs/main.c.o
  CC    /fwbuild-volumes/1.26/apps/AzureIoT-Neopixel-js/esp8266/build_contexts/build_ctx_751612475/build/gen/deps_init.c -> /fwbuild-volumes/1.26/apps/AzureIoT-Neopixel-js/esp8266/build_contexts/build_ctx_751612475/build/objs/deps_init.c.o
  CC    /fwbuild-volumes/1.26/apps/AzureIoT-Neopixel-js/esp8266/build_contexts/build_ctx_751612475/libs/blynk/src/mgos_blynk.c -> /fwbuild-volumes/1.26/apps/AzureIoT-Neopixel-js/esp8266/build_contexts/build_ctx_751612475/build/objs/mgos_blynk.c.o
  CC    /fwbuild-volumes/1.26/apps/AzureIoT-Neopixel-js/esp8266/build_contexts/build_ctx_751612475/libs/ca-bundle/src/mgos_ca_bundle.c -> /fwbuild-volumes/1.26/apps/AzureIoT-Neopixel-js/esp8266/build_contexts/build_ctx_751612475/build/objs/mgos_ca_bundle.c.o
  CC    /fwbuild-volumes/1.26/apps/AzureIoT-Neopixel-js/esp8266/build_contexts/build_ctx_751612475/libs/shadow/src/mgos_shadow.c -> /fwbuild-volumes/1.26/apps/AzureIoT-Neopixel-js/esp8266/build_contexts/build_ctx_751612475/build/objs/mgos_shadow.c.o
  CC    /fwbuild-volumes/1.26/apps/AzureIoT-Neopixel-js/esp8266/build_contexts/build_ctx_751612475/libs/rpc-common/src/mg_rpc/mg_rpc.c -> /fwbuild-volumes/1.26/apps/AzureIoT-Neopixel-js/esp8266/build_contexts/build_ctx_751612475/build/objs/mg_rpc.c.o
  CC    /fwbuild-volumes/1.26/apps/AzureIoT-Neopixel-js/esp8266/build_contexts/build_ctx_751612475/libs/rpc-common/src/mg_rpc/mg_rpc_channel.c -> /fwbuild-volumes/1.26/apps/AzureIoT-Neopixel-js/esp8266/build_contexts/build_ctx_751612475/build/objs/mg_rpc_channel.c.o
  CC    /fwbuild-volumes/1.26/apps/AzureIoT-Neopixel-js/esp8266/build_contexts/build_ctx_751612475/libs/rpc-common/src/mg_rpc/mg_rpc_channel_http.c -> /fwbuild-volumes/1.26/apps/AzureIoT-Neopixel-js/esp8266/build_contexts/build_ctx_751612475/build/objs/mg_rpc_channel_http.c.o
  CC    /fwbuild-volumes/1.26/apps/AzureIoT-Neopixel-js/esp8266/build_contexts/build_ctx_751612475/libs/rpc-common/src/mg_rpc/mg_rpc_channel_ws.c -> /fwbuild-volumes/1.26/apps/AzureIoT-Neopixel-js/esp8266/build_contexts/build_ctx_751612475/build/objs/mg_rpc_channel_ws.c.o
  CC    /fwbuild-volumes/1.26/apps/AzureIoT-Neopixel-js/esp8266/build_contexts/build_ctx_751612475/libs/rpc-common/src/mgos_rpc.c -> /fwbuild-volumes/1.26/apps/AzureIoT-Neopixel-js/esp8266/build_contexts/build_ctx_751612475/build/objs/mgos_rpc.c.o
  CC    /fwbuild-volumes/1.26/apps/AzureIoT-Neopixel-js/esp8266/build_contexts/build_ctx_751612475/libs/i2c/src/mgos_i2c.c -> /fwbuild-volumes/1.26/apps/AzureIoT-Neopixel-js/esp8266/build_contexts/build_ctx_751612475/build/objs/mgos_i2c.c.o
  CC    /fwbuild-volumes/1.26/apps/AzureIoT-Neopixel-js/esp8266/build_contexts/build_ctx_751612475/libs/i2c/src/common_gpio/mgos_i2c_gpio.c -> /fwbuild-volumes/1.26/apps/AzureIoT-Neopixel-js/esp8266/build_contexts/build_ctx_751612475/build/objs/mgos_i2c_gpio.c.o
  CC    /fwbuild-volumes/1.26/apps/AzureIoT-Neopixel-js/esp8266/build_contexts/build_ctx_751612475/libs/mjs/src/mos_mjs.c -> /fwbuild-volumes/1.26/apps/AzureIoT-Neopixel-js/esp8266/build_contexts/build_ctx_751612475/build/objs/mos_mjs.c.o
LD /fwbuild-volumes/1.26/apps/AzureIoT-Neopixel-js/esp8266/build_contexts/build_ctx_751612475/build/objs/rboot/rboot.elf
  CC    /fwbuild-volumes/1.26/apps/AzureIoT-Neopixel-js/esp8266/build_contexts/build_ctx_751612475/modules/mjs_module/mjs.c -> /fwbuild-volumes/1.26/apps/AzureIoT-Neopixel-js/esp8266/build_contexts/build_ctx_751612475/build/objs/mjs.c.o
  CC    /fwbuild-volumes/1.26/apps/AzureIoT-Neopixel-js/esp8266/build_contexts/build_ctx_751612475/libs/mjs/esp8266/src/esp8266_mjs.c -> /fwbuild-volumes/1.26/apps/AzureIoT-Neopixel-js/esp8266/build_contexts/build_ctx_751612475/build/objs/esp8266_mjs.c.o
  CC    /fwbuild-volumes/1.26/apps/AzureIoT-Neopixel-js/esp8266/build_contexts/build_ctx_751612475/libs/mqtt/src/mgos_mqtt.c -> /fwbuild-volumes/1.26/apps/AzureIoT-Neopixel-js/esp8266/build_contexts/build_ctx_751612475/build/objs/mgos_mqtt.c.o
E2 /fwbuild-volumes/1.26/apps/AzureIoT-Neopixel-js/esp8266/build_contexts/build_ctx_751612475/build/objs/rboot/rboot.bin
  CC    /fwbuild-volumes/1.26/apps/AzureIoT-Neopixel-js/esp8266/build_contexts/build_ctx_751612475/libs/neopixel/src/mgos_neopixel.c -> /fwbuild-volumes/1.26/apps/AzureIoT-Neopixel-js/esp8266/build_contexts/build_ctx_751612475/build/objs/mgos_neopixel.c.o
  CC    /fwbuild-volumes/1.26/apps/AzureIoT-Neopixel-js/esp8266/build_contexts/build_ctx_751612475/libs/rpc-service-config/src/mgos_service_config.c -> /fwbuild-volumes/1.26/apps/AzureIoT-Neopixel-js/esp8266/build_contexts/build_ctx_751612475/build/objs/mgos_service_config.c.o
  CC    /fwbuild-volumes/1.26/apps/AzureIoT-Neopixel-js/esp8266/build_contexts/build_ctx_751612475/libs/rpc-service-fs/src/mgos_service_filesystem.c -> /fwbuild-volumes/1.26/apps/AzureIoT-Neopixel-js/esp8266/build_contexts/build_ctx_751612475/build/objs/mgos_service_filesystem.c.o
  CC    /fwbuild-volumes/1.26/apps/AzureIoT-Neopixel-js/esp8266/build_contexts/build_ctx_751612475/libs/rpc-uart/src/mgos_rpc_channel_uart.c -> /fwbuild-volumes/1.26/apps/AzureIoT-Neopixel-js/esp8266/build_contexts/build_ctx_751612475/build/objs/mgos_rpc_channel_uart.c.o
  CC    /fwbuild-volumes/1.26/apps/AzureIoT-Neopixel-js/esp8266/build_contexts/build_ctx_751612475/libs/spi/src/mgos_spi.c -> /fwbuild-volumes/1.26/apps/AzureIoT-Neopixel-js/esp8266/build_contexts/build_ctx_751612475/build/objs/mgos_spi.c.o
  CC    /fwbuild-volumes/1.26/apps/AzureIoT-Neopixel-js/esp8266/build_contexts/build_ctx_751612475/libs/spi/src/mgos_spi_mjs.c -> /fwbuild-volumes/1.26/apps/AzureIoT-Neopixel-js/esp8266/build_contexts/build_ctx_751612475/build/objs/mgos_spi_mjs.c.o
  CC    /fwbuild-volumes/1.26/apps/AzureIoT-Neopixel-js/esp8266/build_contexts/build_ctx_751612475/libs/spi/src/common_gpio/mgos_spi_gpio.c -> /fwbuild-volumes/1.26/apps/AzureIoT-Neopixel-js/esp8266/build_contexts/build_ctx_751612475/build/objs/mgos_spi_gpio.c.o
  CC    /fwbuild-volumes/1.26/apps/AzureIoT-Neopixel-js/esp8266/build_contexts/build_ctx_751612475/libs/wifi/src/mgos_wifi.c -> /fwbuild-volumes/1.26/apps/AzureIoT-Neopixel-js/esp8266/build_contexts/build_ctx_751612475/build/objs/mgos_wifi.c.o
  CC    /fwbuild-volumes/1.26/apps/AzureIoT-Neopixel-js/esp8266/build_contexts/build_ctx_751612475/libs/wifi/src/mjs_wifi.c -> /fwbuild-volumes/1.26/apps/AzureIoT-Neopixel-js/esp8266/build_contexts/build_ctx_751612475/build/objs/mjs_wifi.c.o
  CC    /fwbuild-volumes/1.26/apps/AzureIoT-Neopixel-js/esp8266/build_contexts/build_ctx_751612475/libs/wifi/esp8266/src/esp_wifi.c -> /fwbuild-volumes/1.26/apps/AzureIoT-Neopixel-js/esp8266/build_contexts/build_ctx_751612475/build/objs/esp_wifi.c.o
  CC    /fwbuild-volumes/1.26/apps/AzureIoT-Neopixel-js/esp8266/build_contexts/build_ctx_751612475/build/gen/ffi_exports.c -> /fwbuild-volumes/1.26/apps/AzureIoT-Neopixel-js/esp8266/build_contexts/build_ctx_751612475/build/objs/ffi_exports.c.o
  CC    /mongoose-os/common/cs_file.c -> /fwbuild-volumes/1.26/apps/AzureIoT-Neopixel-js/esp8266/build_contexts/build_ctx_751612475/build/objs/cs_file.c.o
  CC    /mongoose-os/common/cs_rbuf.c -> /fwbuild-volumes/1.26/apps/AzureIoT-Neopixel-js/esp8266/build_contexts/build_ctx_751612475/build/objs/cs_rbuf.c.o
  CC    /mongoose-os/fw/src/mgos_config_util.c -> /fwbuild-volumes/1.26/apps/AzureIoT-Neopixel-js/esp8266/build_contexts/build_ctx_751612475/build/objs/mgos_config_util.c.o
  CC    /mongoose-os/fw/src/mgos_core_dump.c -> /fwbuild-volumes/1.26/apps/AzureIoT-Neopixel-js/esp8266/build_contexts/build_ctx_751612475/build/objs/mgos_core_dump.c.o
  CC    /mongoose-os/fw/src/mgos_dlsym.c -> /fwbuild-volumes/1.26/apps/AzureIoT-Neopixel-js/esp8266/build_contexts/build_ctx_751612475/build/objs/mgos_dlsym.c.o
  CC    /mongoose-os/fw/src/mgos_event.c -> /fwbuild-volumes/1.26/apps/AzureIoT-Neopixel-js/esp8266/build_contexts/build_ctx_751612475/build/objs/mgos_event.c.o
  CC    /mongoose-os/fw/src/mgos_gpio.c -> /fwbuild-volumes/1.26/apps/AzureIoT-Neopixel-js/esp8266/build_contexts/build_ctx_751612475/build/objs/mgos_gpio.c.o
  CC    /mongoose-os/fw/src/mgos_hw_timers.c -> /fwbuild-volumes/1.26/apps/AzureIoT-Neopixel-js/esp8266/build_contexts/build_ctx_751612475/build/objs/mgos_hw_timers.c.o
  CC    /mongoose-os/fw/src/mgos_init.c -> /fwbuild-volumes/1.26/apps/AzureIoT-Neopixel-js/esp8266/build_contexts/build_ctx_751612475/build/objs/mgos_init.c.o
  CC    /mongoose-os/fw/src/mgos_time.c -> /fwbuild-volumes/1.26/apps/AzureIoT-Neopixel-js/esp8266/build_contexts/build_ctx_751612475/build/objs/mgos_time.c.o
  CC    /mongoose-os/fw/src/mgos_timers.c -> /fwbuild-volumes/1.26/apps/AzureIoT-Neopixel-js/esp8266/build_contexts/build_ctx_751612475/build/objs/mgos_timers.c.o
  CC    /mongoose-os/fw/src/mgos_mmap_esp.c -> /fwbuild-volumes/1.26/apps/AzureIoT-Neopixel-js/esp8266/build_contexts/build_ctx_751612475/build/objs/mgos_mmap_esp.c.o
  CC    /mongoose-os/fw/src/mgos_mongoose.c -> /fwbuild-volumes/1.26/apps/AzureIoT-Neopixel-js/esp8266/build_contexts/build_ctx_751612475/build/objs/mgos_mongoose.c.o
  CC    /mongoose-os/fw/src/mgos_sys_config.c -> /fwbuild-volumes/1.26/apps/AzureIoT-Neopixel-js/esp8266/build_contexts/build_ctx_751612475/build/objs/mgos_sys_config.c.o
  CC    /fwbuild-volumes/1.26/apps/AzureIoT-Neopixel-js/esp8266/build_contexts/build_ctx_751612475/build/gen/mgos_config.c -> /fwbuild-volumes/1.26/apps/AzureIoT-Neopixel-js/esp8266/build_contexts/build_ctx_751612475/build/objs/mgos_config.c.o
  CC    /fwbuild-volumes/1.26/apps/AzureIoT-Neopixel-js/esp8266/build_contexts/build_ctx_751612475/build/gen/mgos_ro_vars.c -> /fwbuild-volumes/1.26/apps/AzureIoT-Neopixel-js/esp8266/build_contexts/build_ctx_751612475/build/objs/mgos_ro_vars.c.o
  CC    /mongoose-os/fw/src/mgos_system.c -> /fwbuild-volumes/1.26/apps/AzureIoT-Neopixel-js/esp8266/build_contexts/build_ctx_751612475/build/objs/mgos_system.c.o
  CC    /mongoose-os/fw/src/mgos_uart.c -> /fwbuild-volumes/1.26/apps/AzureIoT-Neopixel-js/esp8266/build_contexts/build_ctx_751612475/build/objs/mgos_uart.c.o
  CC    /mongoose-os/fw/src/mgos_utils.c -> /fwbuild-volumes/1.26/apps/AzureIoT-Neopixel-js/esp8266/build_contexts/build_ctx_751612475/build/objs/mgos_utils.c.o
  CC    /mongoose-os/fw/src/mgos_vfs.c -> /fwbuild-volumes/1.26/apps/AzureIoT-Neopixel-js/esp8266/build_contexts/build_ctx_751612475/build/objs/mgos_vfs.c.o
  CC    /mongoose-os/fw/src/mgos_vfs_dev.c -> /fwbuild-volumes/1.26/apps/AzureIoT-Neopixel-js/esp8266/build_contexts/build_ctx_751612475/build/objs/mgos_vfs_dev.c.o
  CC    /mongoose-os/fw/src/mgos_vfs_dev_ram.c -> /fwbuild-volumes/1.26/apps/AzureIoT-Neopixel-js/esp8266/build_contexts/build_ctx_751612475/build/objs/mgos_vfs_dev_ram.c.o
  CC    /mongoose-os/fw/src/mgos_vfs_fs_spiffs.c -> /fwbuild-volumes/1.26/apps/AzureIoT-Neopixel-js/esp8266/build_contexts/build_ctx_751612475/build/objs/mgos_vfs_fs_spiffs.c.o
  CC    /mongoose-os/common/cs_crc32.c -> /fwbuild-volumes/1.26/apps/AzureIoT-Neopixel-js/esp8266/build_contexts/build_ctx_751612475/build/objs/cs_crc32.c.o
  CC    /mongoose-os/common/platforms/esp8266/rboot/rboot/appcode/rboot-bigflash.c -> /fwbuild-volumes/1.26/apps/AzureIoT-Neopixel-js/esp8266/build_contexts/build_ctx_751612475/build/objs/rboot-bigflash.c.o
  CC    /mongoose-os/common/platforms/esp8266/rboot/rboot/appcode/rboot-api.c -> /fwbuild-volumes/1.26/apps/AzureIoT-Neopixel-js/esp8266/build_contexts/build_ctx_751612475/build/objs/rboot-api.c.o
  CC    /mongoose-os/common/json_utils.c -> /fwbuild-volumes/1.26/apps/AzureIoT-Neopixel-js/esp8266/build_contexts/build_ctx_751612475/build/objs/json_utils.c.o
  CC    /mongoose-os/common/umm_malloc/umm_malloc.c -> /fwbuild-volumes/1.26/apps/AzureIoT-Neopixel-js/esp8266/build_contexts/build_ctx_751612475/build/objs/umm_malloc.c.o
  CC    /mongoose-os/mongoose/mongoose.c -> /fwbuild-volumes/1.26/apps/AzureIoT-Neopixel-js/esp8266/build_contexts/build_ctx_751612475/build/objs/mongoose.c.o
  CC    /mongoose-os/frozen/frozen.c -> /fwbuild-volumes/1.26/apps/AzureIoT-Neopixel-js/esp8266/build_contexts/build_ctx_751612475/build/objs/frozen.c.o
  CC    /mongoose-os/fw/platforms/esp8266/src/esp_coredump.c -> /fwbuild-volumes/1.26/apps/AzureIoT-Neopixel-js/esp8266/build_contexts/build_ctx_751612475/build/objs/esp_coredump.c.o
  CC    /mongoose-os/fw/platforms/esp8266/src/esp_config.c -> /fwbuild-volumes/1.26/apps/AzureIoT-Neopixel-js/esp8266/build_contexts/build_ctx_751612475/build/objs/esp_config.c.o
  CC    /mongoose-os/fw/platforms/esp8266/src/esp_debug.c -> /fwbuild-volumes/1.26/apps/AzureIoT-Neopixel-js/esp8266/build_contexts/build_ctx_751612475/build/objs/esp_debug.c.o
  CC    /mongoose-os/fw/platforms/esp8266/src/esp_exc.c -> /fwbuild-volumes/1.26/apps/AzureIoT-Neopixel-js/esp8266/build_contexts/build_ctx_751612475/build/objs/esp_exc.c.o
  CC    /mongoose-os/fw/platforms/esp8266/src/esp_flash_writer.c -> /fwbuild-volumes/1.26/apps/AzureIoT-Neopixel-js/esp8266/build_contexts/build_ctx_751612475/build/objs/esp_flash_writer.c.o
  CC    /mongoose-os/fw/platforms/esp8266/src/esp_fs.c -> /fwbuild-volumes/1.26/apps/AzureIoT-Neopixel-js/esp8266/build_contexts/build_ctx_751612475/build/objs/esp_fs.c.o
  CC    /mongoose-os/fw/platforms/esp8266/src/esp_gpio.c -> /fwbuild-volumes/1.26/apps/AzureIoT-Neopixel-js/esp8266/build_contexts/build_ctx_751612475/build/objs/esp_gpio.c.o
  CC    /mongoose-os/fw/platforms/esp8266/src/esp_hal.c -> /fwbuild-volumes/1.26/apps/AzureIoT-Neopixel-js/esp8266/build_contexts/build_ctx_751612475/build/objs/esp_hal.c.o
  CC    /mongoose-os/fw/platforms/esp8266/src/esp_heap_trace.c -> /fwbuild-volumes/1.26/apps/AzureIoT-Neopixel-js/esp8266/build_contexts/build_ctx_751612475/build/objs/esp_heap_trace.c.o
  CC    /mongoose-os/fw/platforms/esp8266/src/esp_hw_timers.c -> /fwbuild-volumes/1.26/apps/AzureIoT-Neopixel-js/esp8266/build_contexts/build_ctx_751612475/build/objs/esp_hw_timers.c.o
  CC    /mongoose-os/fw/platforms/esp8266/src/esp_hw_wdt.c -> /fwbuild-volumes/1.26/apps/AzureIoT-Neopixel-js/esp8266/build_contexts/build_ctx_751612475/build/objs/esp_hw_wdt.c.o
  CC    /mongoose-os/fw/platforms/esp8266/src/esp_main.c -> /fwbuild-volumes/1.26/apps/AzureIoT-Neopixel-js/esp8266/build_contexts/build_ctx_751612475/build/objs/esp_main.c.o
  CC    /mongoose-os/fw/platforms/esp8266/src/esp_libc.c -> /fwbuild-volumes/1.26/apps/AzureIoT-Neopixel-js/esp8266/build_contexts/build_ctx_751612475/build/objs/esp_libc.c.o
  CC    /mongoose-os/fw/platforms/esp8266/src/esp_mdns.c -> /fwbuild-volumes/1.26/apps/AzureIoT-Neopixel-js/esp8266/build_contexts/build_ctx_751612475/build/objs/esp_mdns.c.o
  CC    /mongoose-os/fw/platforms/esp8266/src/esp_periph.c -> /fwbuild-volumes/1.26/apps/AzureIoT-Neopixel-js/esp8266/build_contexts/build_ctx_751612475/build/objs/esp_periph.c.o
  CC    /mongoose-os/fw/platforms/esp8266/src/esp_uart.c -> /fwbuild-volumes/1.26/apps/AzureIoT-Neopixel-js/esp8266/build_contexts/build_ctx_751612475/build/objs/esp_uart.c.o
  CC    /mongoose-os/fw/platforms/esp8266/src/esp_updater.c -> /fwbuild-volumes/1.26/apps/AzureIoT-Neopixel-js/esp8266/build_contexts/build_ctx_751612475/build/objs/esp_updater.c.o
  CC    /mongoose-os/fw/platforms/esp8266/src/esp_vfs_dev_sysflash.c -> /fwbuild-volumes/1.26/apps/AzureIoT-Neopixel-js/esp8266/build_contexts/build_ctx_751612475/build/objs/esp_vfs_dev_sysflash.c.o
  CC    /mongoose-os/common/spiffs/spiffs_cache.c -> /fwbuild-volumes/1.26/apps/AzureIoT-Neopixel-js/esp8266/build_contexts/build_ctx_751612475/build/objs/spiffs_cache.c.o
  CC    /mongoose-os/common/spiffs/spiffs_gc.c -> /fwbuild-volumes/1.26/apps/AzureIoT-Neopixel-js/esp8266/build_contexts/build_ctx_751612475/build/objs/spiffs_gc.c.o
  CC    /mongoose-os/common/spiffs/spiffs_nucleus.c -> /fwbuild-volumes/1.26/apps/AzureIoT-Neopixel-js/esp8266/build_contexts/build_ctx_751612475/build/objs/spiffs_nucleus.c.o
  CC    /mongoose-os/common/spiffs/spiffs_check.c -> /fwbuild-volumes/1.26/apps/AzureIoT-Neopixel-js/esp8266/build_contexts/build_ctx_751612475/build/objs/spiffs_check.c.o
  CC    /mongoose-os/common/spiffs/spiffs_hydrogen.c -> /fwbuild-volumes/1.26/apps/AzureIoT-Neopixel-js/esp8266/build_contexts/build_ctx_751612475/build/objs/spiffs_hydrogen.c.o
  CC    /mongoose-os/common/platforms/esp8266/esp_crypto.c -> /fwbuild-volumes/1.26/apps/AzureIoT-Neopixel-js/esp8266/build_contexts/build_ctx_751612475/build/objs/esp_crypto.c.o
  CC    /mongoose-os/common/platforms/esp8266/esp_umm_malloc.c -> /fwbuild-volumes/1.26/apps/AzureIoT-Neopixel-js/esp8266/build_contexts/build_ctx_751612475/build/objs/esp_umm_malloc.c.o
  CC    /mongoose-os/fw/src/mgos_debug.c -> /fwbuild-volumes/1.26/apps/AzureIoT-Neopixel-js/esp8266/build_contexts/build_ctx_751612475/build/objs/mgos_debug.c.o
  CC    /mongoose-os/fw/src/mgos_net.c -> /fwbuild-volumes/1.26/apps/AzureIoT-Neopixel-js/esp8266/build_contexts/build_ctx_751612475/build/objs/mgos_net.c.o
  CC    /mongoose-os/fw/src/mgos_bitbang.c -> /fwbuild-volumes/1.26/apps/AzureIoT-Neopixel-js/esp8266/build_contexts/build_ctx_751612475/build/objs/mgos_bitbang.c.o
  CC    /mongoose-os/fw/src/mgos_updater_common.c -> /fwbuild-volumes/1.26/apps/AzureIoT-Neopixel-js/esp8266/build_contexts/build_ctx_751612475/build/objs/mgos_updater_common.c.o
  CC    /mongoose-os/fw/platforms/esp8266/src/esp_exc_non_os.c -> /fwbuild-volumes/1.26/apps/AzureIoT-Neopixel-js/esp8266/build_contexts/build_ctx_751612475/build/objs/esp_exc_non_os.c.o
  AS    /mongoose-os/fw/platforms/esp8266/src/esp_exc_vectors.S -> /fwbuild-volumes/1.26/apps/AzureIoT-Neopixel-js/esp8266/build_contexts/build_ctx_751612475/build/objs/esp_exc_vectors.S.o
  AS    /mongoose-os/fw/platforms/esp8266/src/esp_nsleep100.S -> /fwbuild-volumes/1.26/apps/AzureIoT-Neopixel-js/esp8266/build_contexts/build_ctx_751612475/build/objs/esp_nsleep100.S.o
  CP    /fwbuild-volumes/1.26/apps/AzureIoT-Neopixel-js/esp8266/build_contexts/build_ctx_751612475/libs/ca-bundle/fs/ca.pem -> build/fs
  CP    /fwbuild-volumes/1.26/apps/AzureIoT-Neopixel-js/esp8266/build_contexts/build_ctx_751612475/libs/mjs/fs/api_bitbang.js -> build/fs
  CP    /fwbuild-volumes/1.26/apps/AzureIoT-Neopixel-js/esp8266/build_contexts/build_ctx_751612475/libs/mjs/fs/api_config.js -> build/fs
  CP    /fwbuild-volumes/1.26/apps/AzureIoT-Neopixel-js/esp8266/build_contexts/build_ctx_751612475/libs/mjs/fs/api_events.js -> build/fs
  CP    /fwbuild-volumes/1.26/apps/AzureIoT-Neopixel-js/esp8266/build_contexts/build_ctx_751612475/libs/mjs/fs/api_gpio.js -> build/fs
  CP    /fwbuild-volumes/1.26/apps/AzureIoT-Neopixel-js/esp8266/build_contexts/build_ctx_751612475/libs/mjs/fs/api_grove.js -> build/fs
  CP    /fwbuild-volumes/1.26/apps/AzureIoT-Neopixel-js/esp8266/build_contexts/build_ctx_751612475/libs/mjs/fs/api_http.js -> build/fs
  CP    /fwbuild-volumes/1.26/apps/AzureIoT-Neopixel-js/esp8266/build_contexts/build_ctx_751612475/libs/mjs/fs/api_log.js -> build/fs
  CP    /fwbuild-volumes/1.26/apps/AzureIoT-Neopixel-js/esp8266/build_contexts/build_ctx_751612475/libs/mjs/fs/api_net.js -> build/fs
  CP    /fwbuild-volumes/1.26/apps/AzureIoT-Neopixel-js/esp8266/build_contexts/build_ctx_751612475/libs/mjs/fs/api_sys.js -> build/fs
  CP    /fwbuild-volumes/1.26/apps/AzureIoT-Neopixel-js/esp8266/build_contexts/build_ctx_751612475/libs/mjs/fs/api_timer.js -> build/fs
  CP    /fwbuild-volumes/1.26/apps/AzureIoT-Neopixel-js/esp8266/build_contexts/build_ctx_751612475/libs/mjs/fs/api_uart.js -> build/fs
  CP    /fwbuild-volumes/1.26/apps/AzureIoT-Neopixel-js/esp8266/build_contexts/build_ctx_751612475/libs/mjs/fs/init.js -> build/fs
  CP    /fwbuild-volumes/1.26/apps/AzureIoT-Neopixel-js/esp8266/build_contexts/build_ctx_751612475/modules/mjs_module/mjs/lib/api_dataview.js -> build/fs
  CP    /fwbuild-volumes/1.26/apps/AzureIoT-Neopixel-js/esp8266/build_contexts/build_ctx_751612475/modules/mjs_module/mjs/lib/api_file.js -> build/fs
  CP    /fwbuild-volumes/1.26/apps/AzureIoT-Neopixel-js/esp8266/build_contexts/build_ctx_751612475/modules/mjs_module/mjs/lib/api_math.js -> build/fs
  CP    /fwbuild-volumes/1.26/apps/AzureIoT-Neopixel-js/esp8266/build_contexts/build_ctx_751612475/libs/blynk/mjs_fs/api_blynk.js -> build/fs
  CP    /fwbuild-volumes/1.26/apps/AzureIoT-Neopixel-js/esp8266/build_contexts/build_ctx_751612475/libs/shadow/mjs_fs/api_shadow.js -> build/fs
  CP    /fwbuild-volumes/1.26/apps/AzureIoT-Neopixel-js/esp8266/build_contexts/build_ctx_751612475/libs/rpc-common/mjs_fs/api_rpc.js -> build/fs
  CP    /fwbuild-volumes/1.26/apps/AzureIoT-Neopixel-js/esp8266/build_contexts/build_ctx_751612475/libs/i2c/mjs_fs/api_i2c.js -> build/fs
  CP    /fwbuild-volumes/1.26/apps/AzureIoT-Neopixel-js/esp8266/build_contexts/build_ctx_751612475/libs/mqtt/mjs_fs/api_mqtt.js -> build/fs
  CP    /fwbuild-volumes/1.26/apps/AzureIoT-Neopixel-js/esp8266/build_contexts/build_ctx_751612475/libs/neopixel/mjs_fs/api_neopixel.js -> build/fs
  CP    /fwbuild-volumes/1.26/apps/AzureIoT-Neopixel-js/esp8266/build_contexts/build_ctx_751612475/libs/spi/mjs_fs/api_spi.js -> build/fs
  CP    /fwbuild-volumes/1.26/apps/AzureIoT-Neopixel-js/esp8266/build_contexts/build_ctx_751612475/libs/wifi/mjs_fs/api_wifi.js -> build/fs
  CP    /fwbuild-volumes/1.26/apps/AzureIoT-Neopixel-js/esp8266/build_contexts/build_ctx_751612475/libs/mjs/esp8266/fs/api_arch_uart.js -> build/fs
  CP    /fwbuild-volumes/1.26/apps/AzureIoT-Neopixel-js/esp8266/build_contexts/build_ctx_751612475/libs/mjs/esp8266/fs/api_esp8266.js -> build/fs
  CP    /fwbuild-volumes/1.26/apps/AzureIoT-Neopixel-js/esp8266/build_contexts/build_ctx_751612475/fs/index.html -> build/fs
  CP    /fwbuild-volumes/1.26/apps/AzureIoT-Neopixel-js/esp8266/build_contexts/build_ctx_751612475/fs/init.js -> build/fs
  CP    /fwbuild-volumes/1.26/apps/AzureIoT-Neopixel-js/esp8266/build_contexts/build_ctx_751612475/build/gen/conf0.json -> build/fs
  MKFS  /usr/local/bin/mkspiffs8 262144 4096 256 4096 build/fs -> /fwbuild-volumes/1.26/apps/AzureIoT-Neopixel-js/esp8266/build_contexts/build_ctx_751612475/build/objs/fw_temp/fs.bin
     Adding api_file.js: 2105
     Adding ca.pem: 17334
     Adding conf0.json: 3160
     Adding api_math.js: 1890
     Adding api_esp8266.js: 231
     Adding api_dataview.js: 7433
     Adding api_wifi.js: 1020
     Adding api_blynk.js: 1820
     Adding api_grove.js: 2327
     Adding api_http.js: 3812
     Adding api_bitbang.js: 815
     Adding index.html: 132
     Adding api_timer.js: 1736
     Adding init.js: 1036
     Adding api_config.js: 2170
     Adding api_neopixel.js: 1449
     Adding api_mqtt.js: 2766
     Adding api_spi.js: 3980
     Adding api_shadow.js: 1678
     Adding api_sys.js: 1641
     Adding api_arch_uart.js: 651
     Adding api_gpio.js: 2731
     Adding api_log.js: 2005
     Adding api_events.js: 3398
     Adding api_net.js: 5122
     Adding api_uart.js: 5772
     Adding api_i2c.js: 4884
     Adding api_rpc.js: 2741
     Image stats: size=262144, space: total=233681, used=96133, free=137548
  GEN   /fwbuild-volumes/1.26/apps/AzureIoT-Neopixel-js/esp8266/build_contexts/build_ctx_751612475/build/gen/mg_build_info.c
  AR    /fwbuild-volumes/1.26/apps/AzureIoT-Neopixel-js/esp8266/build_contexts/build_ctx_751612475/build/objs/mongoose-os.a
  GEN   /fwbuild-volumes/1.26/apps/AzureIoT-Neopixel-js/esp8266/build_contexts/build_ctx_751612475/build/gen/build_info.c
  CC    /fwbuild-volumes/1.26/apps/AzureIoT-Neopixel-js/esp8266/build_contexts/build_ctx_751612475/build/gen/mg_build_info.c -> /fwbuild-volumes/1.26/apps/AzureIoT-Neopixel-js/esp8266/build_contexts/build_ctx_751612475/build/objs/mg_build_info.c.o
  CC    /fwbuild-volumes/1.26/apps/AzureIoT-Neopixel-js/esp8266/build_contexts/build_ctx_751612475/build/gen/build_info.c -> /fwbuild-volumes/1.26/apps/AzureIoT-Neopixel-js/esp8266/build_contexts/build_ctx_751612475/build/objs/build_info.c.o
  LD    /fwbuild-volumes/1.26/apps/AzureIoT-Neopixel-js/esp8266/build_contexts/build_ctx_751612475/build/objs/AzureIoT-Neopixel-js.elf
  FW    /fwbuild-volumes/1.26/apps/AzureIoT-Neopixel-js/esp8266/build_contexts/build_ctx_751612475/build/objs/AzureIoT-Neopixel-js.elf -> /fwbuild-volumes/1.26/apps/AzureIoT-Neopixel-js/esp8266/build_contexts/build_ctx_751612475/build/objs/AzureIoT-Neopixel-js.bin
  Generating breakdown
  GEN    /fwbuild-volumes/1.26/apps/AzureIoT-Neopixel-js/esp8266/build_contexts/build_ctx_751612475/build/objs/fw_temp/manifest.json
  ZIP    /app/build/fw/AzureIoT-Neopixel-js-esp8266-last.zip
     Adding /fwbuild-volumes/1.26/apps/AzureIoT-Neopixel-js/esp8266/build_contexts/build_ctx_751612475/build/objs/fw_temp/AzureIoT-Neopixel-js.bin
     Adding /fwbuild-volumes/1.26/apps/AzureIoT-Neopixel-js/esp8266/build_contexts/build_ctx_751612475/build/objs/fw_temp/esp_init_data_default_v08.bin
     Adding /fwbuild-volumes/1.26/apps/AzureIoT-Neopixel-js/esp8266/build_contexts/build_ctx_751612475/build/objs/fw_temp/fs.bin
     Adding /fwbuild-volumes/1.26/apps/AzureIoT-Neopixel-js/esp8266/build_contexts/build_ctx_751612475/build/objs/fw_temp/rboot.bin
  Built AzureIoT-Neopixel-js/esp8266 version 1.0 (20180321-232432/???)
make: Leaving directory '/app'
Success, built AzureIoT-Neopixel-js/esp8266 version 1.0 (20180321-232432/???).
Firmware saved to build/fw.zip
